1587443069888
444 S
465 S
469 S
470 S
474 S
482 S
484 S
488 S
502 S
503 S
504 S
505 S
506 S
507 R
508 S
509 S
510 S
511 S
512 S
513 S
514 S
515 S
516 S
517 S
518 S
519 S
520 S
521 S
522 S
523 S
524 S
528 S
529 S
530 S
531 S
532 S
534 S
536 S
538 S
539 S
540 S
591 S
594 S
595 S
596 S
599 S
600 S
601 S
602 S
603 S
604 S
605 S
606 S
608 S
610 S
612 S
613 S
614 S
615 S
617 S
619 S
621 S
622 S
623 S
624 S
625 S
627 S
630 S
631 S
632 S
633 S
634 S
635 S
636 S
638 S
640 S
642 S
643 S
644 S
645 S
646 S
647 S
649 S
651 S
653 S
654 S
655 S
656 S
657 S
658 S
660 S
662 S
664 S
665 S
666 S
667 S
668 S
669 S
671 S
673 S
675 S
676 S
677 S
678 S
680 S
681 S
682 S
683 S
684 S
685 S
686 S
687 S
688 S
689 S
690 S
691 S
692 S
693 S
694 S
696 S
697 S
698 S
699 S
700 S
701 S
702 D
703 S
704 S
705 S
706 S
707 S
708 S
709 S
710 S
711 S
712 S
713 S
714 R
1587443083617
444 S
465 S
469 S
470 S
474 S
482 S
484 S
488 S
502 R
503 S
504 S
505 S
506 S
507 S
508 S
509 S
510 S
511 S
512 S
513 S
514 S
515 S
516 S
517 S
518 S
519 S
520 S
521 S
522 S
523 S
524 S
528 S
529 S
530 S
531 S
532 S
534 S
536 S
538 S
539 S
540 S
591 S
594 S
595 S
596 S
599 S
600 S
601 S
602 S
603 S
604 S
605 S
606 S
608 S
610 S
612 S
613 S
614 S
615 S
617 S
619 S
621 S
622 S
623 S
624 S
625 S
627 S
630 S
631 S
632 S
633 S
634 S
635 S
636 S
638 S
640 S
642 S
643 S
644 S
645 S
646 S
647 S
649 S
651 S
653 S
654 S
655 S
656 S
657 S
658 S
660 S
662 S
664 S
665 S
666 S
667 S
668 S
669 S
671 S
673 S
675 S
676 S
677 S
678 S
680 S
681 S
682 S
683 S
684 S
685 S
686 S
687 S
688 S
689 S
690 S
691 S
692 S
693 S
694 S
696 S
697 S
698 S
699 S
700 S
701 S
702 S
703 S
704 S
705 S
706 S
707 S
708 S
709 S
710 S
711 S
712 S
713 S
714 R
1587443092512
444 S
465 S
469 S
470 S
474 S
482 S
484 S
488 S
502 S
503 S
504 S
505 S
506 S
507 S
508 S
509 S
510 S
511 S
512 R
513 S
514 S
515 S
516 S
517 S
518 S
519 R
520 D
521 S
522 S
523 S
524 S
528 S
529 S
530 S
531 S
532 S
534 S
536 S
538 S
539 S
540 S
591 S
594 S
595 S
596 S
599 S
600 S
601 S
602 S
603 S
604 S
605 S
606 S
608 S
610 S
612 S
613 S
614 S
615 S
617 S
619 S
621 S
622 S
623 S
624 S
625 S
627 S
630 S
631 S
632 S
633 S
634 S
635 S
636 S
638 S
640 S
642 S
643 S
644 S
645 S
646 S
647 S
649 S
651 S
653 S
654 S
655 S
656 S
657 S
658 S
660 S
662 S
664 S
665 S
666 S
667 S
668 S
669 S
671 S
673 S
675 S
676 S
677 S
678 S
680 S
681 S
682 S
683 S
684 S
685 S
686 S
687 S
688 S
689 S
690 D
691 S
692 S
693 S
694 S
696 S
697 S
698 S
699 S
700 R
701 S
702 S
703 S
704 S
705 S
706 S
707 S
708 S
709 S
710 S
711 S
712 S
713 S
714 R
1587443100704
444 S
465 S
469 S
470 S
474 S
482 S
484 S
488 S
502 S
503 S
504 S
505 S
506 S
507 S
508 S
509 S
510 S
511 S
512 S
513 S
514 S
515 S
516 S
517 S
518 S
519 S
520 S
521 S
522 S
523 S
524 S
528 S
529 S
530 S
531 S
532 S
534 S
536 S
538 S
539 R
540 S
591 S
594 S
595 S
596 S
599 S
600 S
601 S
602 S
603 S
604 S
605 S
606 S
608 S
610 S
612 S
613 S
614 S
615 S
617 S
619 S
621 S
622 S
623 S
624 S
625 S
627 S
630 S
631 S
632 S
633 S
634 S
635 S
636 S
638 S
640 S
642 S
643 S
644 R
645 S
646 S
647 S
649 S
651 S
653 S
654 S
655 S
656 S
657 S
658 S
660 S
662 S
664 S
665 S
666 S
667 S
668 S
669 S
671 S
673 S
675 S
676 S
677 S
678 S
680 S
681 R
682 S
683 S
684 S
685 S
686 S
687 R
688 S
689 S
690 S
691 S
692 S
693 S
694 S
696 S
697 S
698 S
699 S
700 S
701 S
702 S
703 S
704 S
705 S
706 S
707 S
708 S
709 S
710 S
711 S
712 S
713 S
714 R
1587443111277
444 S
465 S
469 S
470 S
474 S
482 S
484 S
488 S
502 R
503 S
504 S
505 S
506 S
507 S
508 S
509 S
510 S
511 S
512 S
513 S
514 S
515 S
516 S
517 S
518 S
519 S
520 S
521 S
522 S
523 S
524 S
528 S
529 R
530 S
531 S
532 S
534 S
536 S
538 S
539 S
540 S
591 S
594 S
595 S
596 S
599 S
600 S
601 S
602 S
603 S
604 S
605 S
606 S
608 S
610 S
612 S
613 S
614 S
615 S
617 S
619 S
621 S
622 S
623 S
624 S
625 S
627 S
630 S
631 S
632 S
633 S
634 S
635 S
636 S
638 S
640 S
642 S
643 S
644 S
645 S
646 S
647 S
649 S
651 S
653 S
654 S
655 S
656 S
657 S
658 S
660 S
662 S
664 S
665 S
666 S
667 S
668 S
669 S
671 S
673 S
675 S
676 S
677 S
678 S
680 S
681 S
682 S
683 S
684 S
685 S
686 S
687 S
688 S
689 D
690 S
691 S
692 S
693 S
694 S
696 S
697 S
698 S
699 S
700 S
701 S
702 S
703 S
704 S
705 S
706 S
707 S
708 S
709 S
710 S
711 S
712 R
713 S
714 R
1587443122931
444 S
465 S
469 S
470 S
474 S
482 S
484 S
488 S
502 S
503 S
504 S
505 S
506 R
507 S
508 S
509 S
510 S
511 S
512 S
513 S
514 S
515 S
516 S
517 S
518 S
519 S
520 D
521 S
522 S
523 S
524 S
528 S
529 S
530 S
531 S
532 S
534 S
536 S
538 S
539 S
540 S
591 S
594 S
595 S
596 S
599 S
600 S
601 S
602 S
603 S
604 S
605 S
606 S
608 S
610 S
612 S
613 S
614 S
615 S
617 S
619 S
621 S
622 S
623 S
624 S
625 S
627 S
630 S
631 S
632 S
633 S
634 S
635 S
636 S
638 S
640 S
642 S
643 S
644 S
645 S
646 S
647 S
649 S
651 S
653 S
654 S
655 S
656 S
657 S
658 S
660 S
662 S
664 S
665 S
666 S
667 S
668 S
669 S
671 S
673 S
675 S
676 S
677 S
678 S
680 S
681 S
682 S
683 S
684 S
685 S
686 S
687 S
688 S
689 S
690 S
691 S
692 S
693 S
694 S
696 S
697 S
698 S
699 S
700 S
701 S
702 S
703 S
704 S
705 S
706 S
707 S
708 S
709 S
710 S
711 S
712 S
713 S
714 R
1587443128844
444 S
465 S
469 S
470 S
474 S
482 S
484 S
488 S
502 R
503 S
504 S
505 S
506 S
507 S
508 R
509 S
510 S
511 S
512 S
513 S
514 S
515 S
516 S
517 S
518 S
519 S
520 S
521 S
522 S
523 S
524 S
528 S
529 S
530 S
531 S
532 S
534 S
536 S
538 S
539 S
540 S
591 S
594 S
595 S
596 S
599 R
600 S
601 S
602 S
603 S
604 S
605 S
606 S
608 S
610 S
612 S
613 S
614 S
615 S
617 S
619 S
621 S
622 S
623 S
624 S
625 S
627 S
630 S
631 S
632 S
633 S
634 S
635 S
636 S
638 S
640 S
642 S
643 S
644 S
645 S
646 S
647 S
649 S
651 S
653 S
654 S
655 S
656 S
657 S
658 S
660 S
662 S
664 S
665 S
666 S
667 S
668 S
669 S
671 S
673 S
675 S
676 S
677 S
678 S
680 S
681 S
682 S
683 R
684 R
685 S
686 S
687 S
688 S
689 S
690 S
691 S
692 S
693 S
694 S
696 S
697 S
698 S
699 S
700 S
701 S
702 S
703 S
704 S
705 S
706 S
707 S
708 S
709 S
710 S
711 S
712 S
713 S
714 R
1587443139698
444 S
465 S
469 S
470 S
474 S
482 S
484 S
488 S
502 S
503 S
504 S
505 S
506 S
507 S
508 S
509 S
510 S
511 S
512 S
513 S
514 S
515 S
516 S
517 S
518 S
519 S
520 D
521 S
522 S
523 S
524 S
528 S
529 S
530 S
531 S
532 S
534 S
536 S
538 S
539 S
540 S
591 S
594 S
595 S
596 S
599 S
600 S
601 S
602 S
603 S
604 S
605 S
606 S
608 S
610 S
612 S
613 S
614 S
615 S
617 S
619 S
621 S
622 S
623 S
624 S
625 S
627 S
630 S
631 S
632 S
633 S
634 S
635 S
636 S
638 S
640 S
642 S
643 S
644 S
645 S
646 S
647 S
649 S
651 S
653 S
654 S
655 S
656 S
657 S
658 S
660 S
662 S
664 S
665 S
666 S
667 S
668 S
669 S
671 S
673 S
675 S
676 S
677 S
678 S
680 S
681 S
682 S
683 S
684 S
685 S
686 S
687 S
688 S
689 S
690 S
691 S
692 S
693 S
694 S
696 S
697 S
698 S
699 S
700 S
701 S
702 S
703 S
704 S
705 S
706 D
707 S
708 S
709 S
710 S
711 S
712 S
713 S
714 R
1587443147689
444 S
465 S
469 S
470 S
474 S
482 S
484 S
488 S
502 R
503 S
504 S
505 S
506 S
507 S
508 S
509 S
510 S
511 S
512 S
513 S
514 S
515 S
516 S
517 S
518 S
519 S
520 S
521 S
522 S
523 S
524 S
528 S
529 S
530 S
531 S
532 S
534 S
536 S
538 S
539 S
540 S
591 S
594 S
595 S
596 S
599 S
600 S
601 S
602 S
603 S
604 S
605 S
606 S
608 S
610 S
612 S
613 S
614 S
615 S
617 S
619 S
621 S
622 S
623 S
624 S
625 S
627 S
630 S
631 S
632 S
633 R
634 S
635 S
636 S
638 S
640 S
642 S
643 S
644 S
645 S
646 S
647 S
649 S
651 S
653 S
654 S
655 S
656 S
657 S
658 S
660 S
662 S
664 S
665 S
666 S
667 S
668 S
669 S
671 S
673 S
675 S
676 S
677 S
678 S
680 S
681 S
682 S
683 S
684 S
685 S
686 R
687 S
688 S
689 S
690 S
691 S
692 S
693 S
694 S
696 R
697 S
698 S
699 S
700 R
701 S
702 D
703 S
704 S
705 S
706 S
707 S
708 S
709 S
710 S
711 S
712 S
713 S
714 R
1587443154579
444 S
465 S
469 S
470 S
474 S
482 S
484 S
488 S
502 R
503 S
504 S
505 S
506 S
507 S
508 S
509 R
510 S
511 S
512 S
513 S
514 S
515 S
516 S
517 S
518 S
519 S
520 D
521 S
522 S
523 S
524 S
528 S
529 S
530 S
531 S
532 S
534 S
536 S
538 S
539 S
540 S
591 S
594 S
595 S
596 S
599 S
600 S
601 S
602 S
603 S
604 S
605 S
606 S
608 S
610 S
612 S
613 S
614 S
615 S
617 S
619 S
621 D
622 S
623 S
624 S
625 S
627 S
630 S
631 S
632 S
633 S
634 S
635 S
636 S
638 S
640 S
642 S
643 S
644 S
645 R
646 S
647 S
649 S
651 S
653 S
654 S
655 S
656 S
657 S
658 S
660 S
662 S
664 S
665 S
666 S
667 S
668 S
669 S
671 S
673 S
675 S
676 S
677 S
678 S
680 S
681 S
682 S
683 S
684 S
685 S
686 S
687 S
688 S
689 S
690 S
691 S
692 S
693 S
694 S
696 S
697 S
698 S
699 S
700 S
701 S
702 S
703 S
704 S
705 S
706 S
707 S
708 R
709 S
710 S
711 S
712 R
713 S
714 R
1587443167111
444 S
465 S
469 S
470 S
474 S
482 S
484 S
488 S
502 S
503 S
504 S
505 S
506 S
507 S
508 S
509 S
510 S
511 S
512 S
513 S
514 S
515 S
516 S
517 S
518 S
519 S
520 D
521 S
522 S
523 S
524 S
528 S
529 S
530 S
531 S
532 S
534 S
536 S
538 S
539 S
540 S
591 S
594 S
595 S
596 S
599 S
600 S
601 S
602 S
603 S
604 S
605 S
606 S
608 S
610 S
612 S
613 S
614 S
615 S
617 S
619 S
621 S
622 S
623 S
624 S
625 S
627 S
630 S
631 S
632 S
633 S
634 S
635 S
636 S
638 S
640 S
642 S
643 S
644 S
645 S
646 S
647 S
649 S
651 S
653 S
654 S
655 S
656 S
657 S
658 S
660 S
662 S
664 S
665 S
666 S
667 S
668 S
669 S
671 S
673 S
675 S
676 S
677 S
678 S
680 S
681 S
682 S
683 S
684 S
685 S
686 S
687 S
688 S
689 S
690 S
691 S
692 S
693 S
694 S
696 S
697 S
698 S
699 S
700 S
701 S
702 S
703 S
704 S
705 S
706 S
707 S
708 S
709 S
710 S
711 S
712 R
713 S
714 R
1587443181597
444 S
465 S
469 S
470 S
474 S
482 S
484 S
488 S
502 S
503 S
504 S
505 S
506 S
507 S
508 S
509 S
510 S
511 S
512 S
513 S
514 S
515 S
516 S
517 S
518 S
519 S
520 D
521 S
522 S
523 S
524 S
528 R
529 S
530 S
531 S
532 S
534 S
536 S
538 S
539 S
540 S
591 S
594 S
595 S
596 R
599 S
600 S
601 S
602 S
603 S
604 S
605 S
606 S
608 S
610 S
612 S
613 S
614 S
615 S
617 S
619 S
621 S
622 S
623 S
624 S
625 S
627 S
630 S
631 S
632 S
633 S
634 S
635 S
636 S
638 S
640 S
642 S
643 S
644 S
645 S
646 S
647 S
649 S
651 S
653 S
654 S
655 S
656 S
657 S
658 S
660 S
662 S
664 S
665 S
666 S
667 R
668 S
669 S
671 S
673 S
675 S
676 S
677 S
678 S
680 S
681 S
682 S
683 S
684 S
685 S
686 S
687 R
688 S
689 S
690 S
691 S
692 S
693 S
694 S
696 S
697 S
698 S
699 S
700 S
701 S
702 S
703 S
704 S
705 S
706 S
707 S
708 S
709 S
710 S
711 S
712 S
713 S
714 R
1587443188507
444 S
465 S
469 S
470 S
474 S
482 S
484 S
488 S
502 R
503 S
504 S
505 S
506 S
507 S
508 S
509 S
510 S
511 S
512 S
513 S
514 S
515 S
516 S
517 S
518 S
519 S
520 S
521 S
522 S
523 S
524 S
528 S
529 S
530 S
531 S
532 S
534 S
536 S
538 S
539 S
540 S
591 S
594 S
595 S
596 S
599 S
600 S
601 S
602 S
603 S
604 S
605 S
606 S
608 S
610 S
612 S
613 S
614 S
615 S
617 S
619 S
621 S
622 S
623 S
624 S
625 S
627 S
630 S
631 S
632 S
633 S
634 S
635 S
636 S
638 S
640 S
642 S
643 S
644 S
645 S
646 S
647 S
649 S
651 S
653 S
654 S
655 S
656 S
657 S
658 S
660 S
662 S
664 S
665 S
666 S
667 S
668 S
669 S
671 S
673 S
675 S
676 S
677 S
678 S
680 S
681 S
682 S
683 S
684 S
685 S
686 S
687 S
688 S
689 R
690 S
691 S
692 S
693 S
694 S
696 S
697 S
698 S
699 S
700 S
701 S
702 S
703 S
704 S
705 S
706 S
707 S
708 R
709 S
710 S
711 S
712 S
713 S
714 R
1587443195252
444 S
465 S
469 S
470 S
474 S
482 S
484 S
488 S
502 R
503 S
504 S
505 S
506 S
507 S
508 S
509 S
510 S
511 S
512 S
513 S
514 S
515 S
516 S
517 S
518 S
519 S
520 S
521 S
522 S
523 S
524 S
528 S
529 S
530 S
531 S
532 S
534 S
536 S
538 S
539 R
540 S
591 S
594 S
595 S
596 S
599 S
600 S
601 S
602 S
603 S
604 S
605 S
606 S
608 S
610 S
612 S
613 S
614 S
615 S
617 S
619 S
621 S
622 S
623 S
624 S
625 S
627 S
630 S
631 S
632 S
633 S
634 S
635 S
636 S
638 S
640 S
642 S
643 S
644 S
645 S
646 S
647 S
649 S
651 S
653 S
654 S
655 S
656 S
657 S
658 S
660 S
662 S
664 S
665 S
666 S
667 S
668 S
669 S
671 S
673 S
675 S
676 S
677 S
678 S
680 S
681 S
682 S
683 S
684 S
685 S
686 S
687 S
688 S
689 S
690 S
691 S
692 S
693 S
694 S
696 S
697 S
698 S
699 S
700 S
701 S
702 S
703 S
704 S
705 S
706 S
707 S
708 S
709 S
710 S
711 S
712 S
713 S
714 R
1587443204987
444 S
465 S
469 S
470 S
474 S
482 S
484 S
488 S
502 R
503 S
504 S
505 S
506 S
507 S
508 S
509 S
510 S
511 S
512 S
513 S
514 S
515 S
516 S
517 S
518 S
519 S
520 S
521 S
522 S
523 S
524 S
528 S
529 S
530 S
531 S
532 S
534 S
536 S
538 S
539 S
540 S
591 S
594 S
595 S
596 S
599 S
600 S
601 S
602 S
603 S
604 S
605 S
606 S
608 S
610 S
612 S
613 S
614 S
615 S
617 S
619 S
621 S
622 S
623 S
624 S
625 S
627 S
630 S
631 S
632 S
633 S
634 S
635 R
636 S
638 S
640 S
642 S
643 S
644 S
645 S
646 S
647 S
649 S
651 S
653 S
654 S
655 S
656 S
657 S
658 S
660 S
662 S
664 S
665 S
666 S
667 S
668 S
669 S
671 S
673 S
675 S
676 S
677 S
678 S
680 S
681 S
682 S
683 S
684 S
685 S
686 R
687 S
688 S
689 S
690 S
691 S
692 S
693 S
694 S
696 S
697 S
698 S
699 S
700 S
701 S
702 S
703 S
704 S
705 S
706 S
707 S
708 S
709 S
710 S
711 S
712 S
713 S
714 R
1587443213882
444 S
465 S
469 S
470 S
474 S
482 S
484 S
488 S
502 S
503 S
504 S
505 S
506 S
507 S
508 S
509 S
510 S
511 S
512 R
513 S
514 S
515 S
516 S
517 S
518 S
519 S
520 S
521 S
522 S
523 S
524 S
528 S
529 S
530 S
531 S
532 S
534 S
536 S
538 S
539 S
540 S
591 S
594 S
595 S
596 S
599 S
600 S
601 S
602 S
603 S
604 S
605 S
606 S
608 S
610 S
612 S
613 S
614 S
615 S
617 S
619 S
621 S
622 S
623 S
624 S
625 S
627 S
630 S
631 S
632 S
633 S
634 S
635 S
636 S
638 S
640 S
642 S
643 S
644 S
645 R
646 R
647 R
649 S
651 S
653 S
654 S
655 S
656 S
657 S
658 S
660 S
662 S
664 S
665 S
666 R
667 S
668 S
669 S
671 S
673 S
675 S
676 S
677 S
678 S
680 S
681 S
682 S
683 S
684 R
685 S
686 S
687 R
688 S
689 S
690 R
691 S
692 S
693 S
694 S
696 S
697 S
698 R
699 S
700 R
701 S
702 S
703 S
704 S
705 R
706 S
707 S
708 S
709 S
710 S
711 S
712 S
713 S
714 R
1587443222982
444 S
465 S
469 S
470 S
474 S
482 S
484 S
488 S
502 R
503 S
504 S
505 S
506 S
507 S
508 S
509 S
510 S
511 S
512 S
513 S
514 S
515 S
516 S
517 S
518 S
519 S
520 D
521 S
522 S
523 S
524 S
528 S
529 S
530 S
531 S
532 S
534 S
536 S
538 S
539 S
540 S
591 S
594 S
595 S
596 S
599 S
600 S
601 S
602 S
603 S
604 S
605 S
606 S
608 S
610 S
612 S
613 S
614 S
615 S
617 S
619 S
621 S
622 S
623 S
624 S
625 S
627 S
630 S
631 S
632 S
633 S
634 S
635 S
636 S
638 S
640 S
642 S
643 S
644 S
645 S
646 S
647 S
649 S
651 S
653 S
654 S
655 S
656 S
657 S
658 S
660 S
662 S
664 S
665 S
666 S
667 S
668 S
669 S
671 S
673 S
675 S
676 S
677 S
678 S
680 S
681 S
682 S
683 S
684 S
685 S
686 S
687 S
688 S
689 S
690 S
691 S
692 S
693 S
694 S
696 S
697 S
698 S
699 S
700 S
701 S
702 S
703 S
704 S
705 S
706 S
707 S
708 S
709 S
710 S
711 S
712 R
713 S
714 R
1587443231246
444 S
465 S
469 S
470 S
474 S
482 S
484 S
488 S
502 S
503 S
504 S
505 S
506 S
507 S
508 S
509 S
510 S
511 S
512 D
513 S
514 S
515 S
516 S
517 S
518 S
519 S
520 S
521 S
522 S
523 S
524 S
528 S
529 S
530 S
531 S
532 S
534 S
536 S
538 S
539 S
540 S
591 S
594 S
595 S
596 S
599 S
600 S
601 S
602 S
603 S
604 S
605 S
606 S
608 S
610 S
612 S
613 S
614 S
615 S
617 S
619 S
621 S
622 S
623 S
624 S
625 S
627 S
630 S
631 S
632 S
633 R
634 S
635 S
636 S
638 S
640 S
642 S
643 S
644 S
645 S
646 S
647 S
649 S
651 S
653 S
654 S
655 S
656 S
657 S
658 S
660 S
662 S
664 S
665 S
666 S
667 S
668 R
669 S
671 S
673 S
675 S
676 S
677 S
678 S
680 S
681 S
682 S
683 S
684 S
685 S
686 S
687 S
688 S
689 S
690 S
691 S
692 S
693 S
694 S
696 S
697 S
698 S
699 S
700 S
701 S
702 S
703 S
704 R
705 S
706 S
707 S
708 S
709 S
710 S
711 S
712 S
713 S
714 R
1587443240921
444 S
465 S
469 S
470 S
474 S
482 S
484 S
488 S
502 R
503 S
504 S
505 S
506 S
507 S
508 S
509 S
510 S
511 S
512 S
513 S
514 S
515 S
516 S
517 S
518 D
519 D
520 R
521 S
522 S
523 R
524 S
528 S
529 S
530 S
531 S
532 S
534 S
536 S
538 S
539 S
540 S
591 S
594 S
595 S
596 D
599 S
600 S
601 S
602 S
603 R
604 R
605 R
606 S
608 S
610 S
612 S
613 S
614 S
615 S
617 S
619 S
621 S
622 S
623 S
624 S
625 S
627 S
630 S
631 S
632 S
633 S
634 S
635 S
636 S
638 S
640 S
642 S
643 S
644 S
645 S
646 S
647 S
649 S
651 S
653 S
654 S
655 S
656 S
657 S
658 S
660 S
662 S
664 S
665 S
666 S
667 S
668 S
669 S
671 S
673 S
675 S
676 S
677 S
678 S
680 S
681 S
682 S
683 S
684 R
685 S
686 S
687 S
688 S
689 S
690 S
691 S
692 S
693 S
694 S
696 S
697 S
698 S
699 S
700 S
701 R
702 S
703 S
704 S
705 S
706 S
707 R
708 S
709 S
710 S
711 S
712 S
713 S
714 R
1587443251639
444 S
465 S
469 S
470 S
474 S
482 S
484 S
488 S
502 S
503 S
504 S
505 S
506 S
507 S
508 S
509 S
510 S
511 S
512 S
513 S
514 S
515 S
516 S
517 S
518 S
519 S
520 S
521 S
522 S
523 S
524 S
528 S
529 S
530 S
531 S
532 S
534 S
536 S
538 S
539 S
540 S
591 S
594 S
595 S
596 S
599 S
600 S
601 S
602 S
603 S
604 S
605 S
606 S
608 S
610 S
612 S
613 S
614 S
615 S
617 S
619 S
621 S
622 S
623 S
624 S
625 S
627 S
630 S
631 S
632 S
633 S
634 S
635 S
636 S
638 S
640 S
642 S
643 S
644 S
645 S
646 S
647 S
649 S
651 S
653 S
654 S
655 S
656 R
657 S
658 S
660 S
662 S
664 S
665 S
666 S
667 S
668 S
669 S
671 S
673 S
675 S
676 S
677 S
678 S
680 S
681 S
682 S
683 S
684 S
685 S
686 S
687 S
688 S
689 S
690 S
691 S
692 S
693 S
694 S
696 S
697 S
698 S
699 S
700 S
701 S
702 S
703 S
704 S
705 S
706 S
707 S
708 S
709 S
710 S
711 S
712 S
713 S
714 R
1587443262124
444 S
465 S
469 S
470 S
474 S
482 S
484 S
488 S
502 S
503 S
504 S
505 S
506 S
507 S
508 S
509 S
510 S
511 S
512 S
513 S
514 S
515 S
516 S
517 S
518 S
519 S
520 R
521 S
522 S
523 S
524 S
528 S
529 R
530 S
531 S
532 S
534 S
536 S
538 S
539 S
540 S
591 S
594 S
595 S
596 S
599 S
600 S
601 S
602 S
603 S
604 S
605 S
606 S
608 S
610 S
612 S
613 S
614 S
615 S
617 S
619 S
621 S
622 S
623 S
624 S
625 S
627 S
630 S
631 S
632 S
633 S
634 S
635 S
636 S
638 S
640 S
642 S
643 S
644 S
645 S
646 S
647 S
649 S
651 S
653 S
654 S
655 S
656 S
657 S
658 S
660 S
662 S
664 S
665 S
666 S
667 S
668 S
669 S
671 S
673 S
675 S
676 S
677 S
678 S
680 S
681 S
682 S
683 S
684 S
685 S
686 S
687 S
688 S
689 S
690 S
691 S
692 S
693 S
694 S
696 S
697 S
698 S
699 S
700 S
701 S
702 S
703 S
704 S
705 S
706 S
707 S
708 S
709 S
710 S
711 S
712 S
713 S
714 D
1587443271408
444 S
465 S
469 S
470 S
474 S
482 S
484 S
488 S
502 S
503 S
504 S
505 S
506 S
507 S
508 S
509 S
510 S
511 S
512 S
513 S
514 S
515 S
516 S
517 S
518 S
519 S
520 R
521 S
522 S
523 S
524 S
528 S
529 S
530 S
531 S
532 S
534 S
536 S
538 S
539 S
540 S
591 S
594 S
595 S
596 S
599 S
600 S
601 S
602 S
603 S
604 S
605 S
606 S
608 S
610 S
612 S
613 S
614 S
615 S
617 S
619 S
621 S
622 S
623 S
624 S
625 S
627 S
630 S
631 S
632 S
633 S
634 S
635 R
636 S
638 S
640 S
642 S
643 S
644 S
645 S
646 S
647 S
649 S
651 S
653 S
654 S
655 S
656 S
657 S
658 S
660 S
662 S
664 S
665 S
666 S
667 S
668 S
669 S
671 S
673 S
675 S
676 S
677 S
678 S
680 S
681 S
682 S
683 S
684 S
685 S
686 S
687 S
688 S
689 S
690 S
691 S
692 S
693 S
694 S
696 S
697 S
698 S
699 S
700 S
701 S
702 S
703 S
704 R
705 S
706 S
707 S
708 S
709 S
710 S
711 S
712 S
713 S
714 R
1587443278411
444 S
465 S
469 S
470 S
474 S
482 S
484 S
488 S
502 S
503 S
504 S
505 S
506 S
507 S
508 S
509 S
510 S
511 S
512 S
513 S
514 S
515 S
516 S
517 S
518 S
519 S
520 S
521 S
522 S
523 S
524 S
528 S
529 S
530 S
531 S
532 S
534 S
536 S
538 S
539 S
540 S
591 S
594 S
595 S
596 S
599 S
600 S
601 S
602 S
603 S
604 R
605 S
606 S
608 S
610 S
612 S
613 S
614 S
615 S
617 S
619 S
621 S
622 S
623 S
624 S
625 S
627 S
630 S
631 S
632 S
633 S
634 S
635 S
636 S
638 S
640 S
642 S
643 S
644 S
645 S
646 S
647 S
649 S
651 S
653 S
654 S
655 S
656 S
657 S
658 S
660 S
662 S
664 S
665 S
666 S
667 S
668 S
669 S
671 S
673 S
675 S
676 S
677 S
678 S
680 S
681 S
682 S
683 S
684 S
685 S
686 S
687 S
688 S
689 S
690 S
691 S
692 S
693 S
694 S
696 S
697 S
698 S
699 S
700 S
701 S
702 S
703 S
704 S
705 S
706 R
707 S
708 S
709 S
710 S
711 S
712 R
713 S
714 R
1587443288690
444 S
465 S
469 S
470 S
474 S
482 S
484 S
488 S
502 S
503 S
504 S
505 S
506 S
507 S
508 S
509 S
510 S
511 S
512 S
513 S
514 S
515 S
516 S
517 S
518 S
519 S
520 S
521 S
522 S
523 S
524 S
528 S
529 S
530 S
531 S
532 S
534 S
536 S
538 S
539 S
540 S
591 S
594 S
595 S
596 S
599 S
600 S
601 S
602 S
603 S
604 S
605 S
606 S
608 S
610 S
612 S
613 S
614 S
615 S
617 S
619 S
621 S
622 S
623 S
624 S
625 S
627 S
630 S
631 S
632 S
633 S
634 S
635 S
636 S
638 S
640 S
642 S
643 S
644 S
645 S
646 S
647 S
649 S
651 S
653 S
654 S
655 S
656 S
657 S
658 S
660 S
662 S
664 S
665 S
666 S
667 S
668 S
669 S
671 S
673 S
675 S
676 S
677 S
678 S
680 S
681 S
682 S
683 S
684 S
685 S
686 S
687 R
688 S
689 S
690 S
691 S
692 S
693 S
694 S
696 S
697 S
698 S
699 S
700 S
701 S
702 S
703 S
704 R
705 S
706 S
707 S
708 S
709 S
710 S
711 S
712 S
713 S
714 R
1587443299263
444 S
465 S
469 S
470 S
474 S
482 S
484 S
488 S
502 R
503 S
504 S
505 S
506 S
507 S
508 S
509 S
510 S
511 S
512 S
513 S
514 S
515 S
516 S
517 S
518 S
519 S
520 S
521 S
522 S
523 S
524 S
528 S
529 S
530 S
531 S
532 S
534 S
536 S
538 S
539 S
540 S
591 S
594 S
595 S
596 D
599 S
600 S
601 S
602 S
603 S
604 S
605 S
606 S
608 S
610 S
612 S
613 S
614 S
615 S
617 S
619 S
621 S
622 S
623 S
624 S
625 S
627 R
630 S
631 S
632 S
633 S
634 S
635 S
636 S
638 S
640 S
642 S
643 S
644 S
645 S
646 S
647 S
649 S
651 S
653 S
654 S
655 S
656 S
657 S
658 S
660 S
662 S
664 S
665 S
666 S
667 S
668 S
669 S
671 S
673 S
675 S
676 S
677 S
678 S
680 S
681 S
682 S
683 S
684 R
685 R
686 S
687 S
688 S
689 S
690 S
691 S
692 S
693 S
694 S
696 S
697 S
698 S
699 S
700 S
701 S
702 S
703 S
704 D
705 S
706 S
707 S
708 S
709 S
710 S
711 S
712 S
713 S
714 R
1587443307421
444 S
465 S
469 S
470 S
474 S
482 S
484 S
488 S
502 S
503 S
504 S
505 S
506 S
507 S
508 S
509 S
510 S
511 S
512 S
513 S
514 S
515 S
516 S
517 S
518 S
519 S
520 S
521 S
522 S
523 S
524 S
528 S
529 S
530 S
531 S
532 S
534 S
536 S
538 S
539 S
540 S
591 S
594 S
595 S
596 D
599 S
600 S
601 S
602 S
603 S
604 S
605 S
606 S
608 S
610 S
612 S
613 S
614 S
615 S
617 S
619 S
621 R
622 S
623 S
624 S
625 S
627 S
630 S
631 S
632 S
633 S
634 S
635 S
636 S
638 S
640 S
642 S
643 S
644 S
645 S
646 S
647 S
649 S
651 S
653 S
654 S
655 S
656 S
657 S
658 S
660 S
662 S
664 S
665 S
666 S
667 S
668 S
669 S
671 S
673 S
675 S
676 S
677 S
678 S
680 S
681 S
682 S
683 S
684 S
685 S
686 S
687 S
688 S
689 S
690 S
691 S
692 S
693 S
694 S
696 S
697 S
698 S
699 S
700 S
701 S
702 S
703 S
704 R
705 S
706 S
707 S
708 S
709 S
710 S
711 S
712 S
713 S
714 R
1587443316189
444 S
465 S
469 S
470 S
474 S
482 S
484 S
488 S
502 S
503 S
504 S
505 S
506 S
507 S
508 S
509 S
510 S
511 S
512 S
513 S
514 S
515 S
516 S
517 S
518 S
519 D
520 D
521 S
522 S
523 S
524 S
528 S
529 S
530 S
531 S
532 S
534 S
536 S
538 S
539 S
540 S
591 S
594 S
595 S
596 S
599 S
600 S
601 S
602 S
603 S
604 S
605 S
606 S
608 S
610 S
612 S
613 S
614 S
615 S
617 S
619 S
621 S
622 S
623 S
624 S
625 S
627 S
630 S
631 S
632 S
633 S
634 S
635 S
636 S
638 S
640 S
642 S
643 S
644 S
645 S
646 S
647 S
649 S
651 S
653 S
654 S
655 S
656 S
657 S
658 S
660 S
662 S
664 S
665 S
666 S
667 S
668 S
669 S
671 S
673 S
675 S
676 S
677 S
678 S
680 S
681 S
682 S
683 S
684 S
685 S
686 S
687 R
688 S
689 S
690 S
691 S
692 S
693 S
694 S
696 S
697 S
698 S
699 S
700 S
701 S
702 S
703 S
704 S
705 S
706 S
707 S
708 S
709 S
710 S
711 S
712 S
713 S
714 R
1587443324060
444 S
465 S
469 S
470 S
474 S
482 S
484 S
488 S
502 R
503 S
504 S
505 S
506 S
507 S
508 S
509 S
510 S
511 S
512 S
513 S
514 S
515 S
516 S
517 S
518 S
519 S
520 S
521 S
522 S
523 S
524 S
528 S
529 S
530 S
531 S
532 S
534 S
536 S
538 S
539 S
540 S
591 S
594 S
595 S
596 S
599 S
600 S
601 S
602 S
603 S
604 S
605 S
606 S
608 S
610 S
612 S
613 S
614 S
615 S
617 S
619 S
621 S
622 S
623 S
624 S
625 S
627 S
630 S
631 S
632 S
633 S
634 S
635 S
636 S
638 S
640 S
642 S
643 S
644 S
645 S
646 S
647 S
649 S
651 S
653 S
654 S
655 S
656 S
657 S
658 S
660 S
662 S
664 S
665 S
666 S
667 S
668 S
669 S
671 S
673 S
675 S
676 S
677 S
678 S
680 S
681 S
682 S
683 S
684 S
685 S
686 S
687 S
688 S
689 S
690 S
691 S
692 S
693 S
694 S
696 S
697 S
698 S
699 S
700 S
701 S
702 S
703 S
704 S
705 S
706 S
707 S
708 R
709 S
710 S
711 S
712 S
713 S
714 R
1587443334087
444 S
465 S
469 S
470 S
474 S
482 S
484 S
488 S
502 S
503 S
504 S
505 S
506 S
507 S
508 S
509 S
510 S
511 S
512 S
513 S
514 S
515 S
516 S
517 S
518 S
519 D
520 D
521 S
522 S
523 S
524 S
528 S
529 S
530 S
531 S
532 S
534 S
536 S
538 R
539 S
540 S
591 S
594 S
595 S
596 S
599 S
600 S
601 S
602 S
603 S
604 S
605 S
606 S
608 S
610 S
612 S
613 S
614 S
615 S
617 S
619 S
621 S
622 S
623 S
624 S
625 S
627 S
630 S
631 S
632 S
633 S
634 S
635 S
636 S
638 S
640 S
642 S
643 S
644 S
645 S
646 S
647 S
649 S
651 S
653 S
654 S
655 S
656 S
657 S
658 S
660 S
662 S
664 S
665 S
666 S
667 S
668 S
669 S
671 S
673 S
675 S
676 S
677 S
678 S
680 S
681 S
682 S
683 S
684 S
685 S
686 S
687 R
688 S
689 S
690 S
691 S
692 S
693 S
694 S
696 S
697 S
698 S
699 S
700 R
701 S
702 S
703 S
704 S
705 S
706 S
707 S
708 S
709 S
710 S
711 S
712 S
713 S
714 R
1587443342800
444 S
465 S
469 S
470 S
474 S
482 S
484 S
488 S
502 S
503 S
504 S
505 S
506 S
507 S
508 S
509 R
510 S
511 S
512 S
513 S
514 S
515 S
516 S
517 S
518 S
519 S
520 S
521 S
522 S
523 S
524 S
528 S
529 S
530 S
531 S
532 S
534 S
536 S
538 S
539 S
540 S
591 S
594 S
595 S
596 S
599 S
600 S
601 S
602 S
603 S
604 S
605 S
606 S
608 S
610 S
612 S
613 S
614 S
615 S
617 S
619 S
621 S
622 S
623 S
624 S
625 S
627 S
630 S
631 S
632 S
633 S
634 S
635 S
636 S
638 S
640 S
642 S
643 S
644 S
645 S
646 S
647 S
649 S
651 S
653 S
654 S
655 S
656 S
657 S
658 S
660 S
662 S
664 S
665 S
666 S
667 S
668 S
669 S
671 S
673 S
675 S
676 S
677 S
678 S
680 S
681 S
682 S
683 S
684 S
685 S
686 S
687 S
688 S
689 S
690 S
691 S
692 S
693 S
694 S
696 S
697 S
698 S
699 S
700 S
701 S
702 S
703 S
704 S
705 S
706 S
707 S
708 R
709 S
710 R
711 R
712 S
713 S
714 R
1587443349813
444 S
465 S
469 S
470 S
474 S
482 S
484 S
488 S
502 S
503 S
504 S
505 S
506 S
507 S
508 S
509 S
510 S
511 S
512 S
513 S
514 S
515 S
516 S
517 S
518 D
519 S
520 D
521 S
522 S
523 S
524 S
528 S
529 S
530 S
531 S
532 S
534 S
536 S
538 S
539 S
540 S
591 S
594 S
595 S
596 S
599 S
600 S
601 S
602 S
603 S
604 S
605 S
606 S
608 S
610 S
612 S
613 S
614 S
615 S
617 S
619 S
621 S
622 S
623 S
624 S
625 S
627 S
630 S
631 S
632 S
633 S
634 S
635 S
636 S
638 S
640 S
642 S
643 S
644 S
645 S
646 S
647 S
649 S
651 S
653 S
654 S
655 S
656 S
657 S
658 S
660 S
662 S
664 S
665 S
666 S
667 S
668 S
669 S
671 S
673 S
675 S
676 S
677 S
678 S
680 S
681 S
682 S
683 S
684 S
685 S
686 S
687 S
688 S
689 S
690 S
691 S
692 S
693 S
694 S
696 S
697 S
698 S
699 S
700 S
701 S
702 S
703 S
704 S
705 S
706 S
707 S
708 S
709 S
710 S
711 S
712 S
713 S
714 R
1587443359081
444 S
465 S
469 S
470 S
474 S
482 S
484 S
488 S
502 S
503 S
504 S
505 R
506 S
507 S
508 S
509 R
510 S
511 S
512 S
513 S
514 S
515 S
516 S
517 S
518 S
519 S
520 S
521 S
522 R
523 S
524 S
528 S
529 S
530 S
531 S
532 S
534 S
536 S
538 S
539 S
540 S
591 S
594 S
595 S
596 R
599 R
600 S
601 S
602 S
603 S
604 S
605 S
606 S
608 S
610 S
612 S
613 R
614 S
615 S
617 S
619 S
621 S
622 S
623 S
624 S
625 S
627 S
630 S
631 S
632 S
633 S
634 S
635 S
636 S
638 S
640 S
642 S
643 S
644 S
645 S
646 S
647 S
649 S
651 S
653 S
654 S
655 S
656 S
657 S
658 S
660 S
662 S
664 S
665 S
666 S
667 S
668 S
669 S
671 S
673 S
675 S
676 S
677 S
678 S
680 S
681 S
682 S
683 S
684 S
685 S
686 S
687 S
688 S
689 S
690 S
691 S
692 S
693 S
694 S
696 S
697 S
698 S
699 S
700 R
701 S
702 S
703 S
704 S
705 S
706 S
707 S
708 S
709 S
710 S
711 S
712 R
713 S
714 R
1587443371288
444 S
465 S
469 S
470 S
474 S
482 S
484 S
488 S
502 R
503 S
504 S
505 S
506 S
507 S
508 S
509 S
510 S
511 S
512 S
513 S
514 S
515 S
516 S
517 S
518 S
519 S
520 D
521 S
522 S
523 S
524 S
528 S
529 S
530 R
531 S
532 S
534 S
536 S
538 S
539 S
540 S
591 S
594 S
595 S
596 S
599 S
600 S
601 S
602 S
603 S
604 S
605 S
606 S
608 S
610 S
612 S
613 S
614 S
615 S
617 S
619 S
621 S
622 S
623 S
624 S
625 S
627 S
630 S
631 S
632 S
633 S
634 S
635 S
636 S
638 S
640 S
642 S
643 S
644 S
645 S
646 S
647 S
649 S
651 S
653 S
654 S
655 S
656 S
657 S
658 S
660 S
662 S
664 S
665 S
666 S
667 S
668 S
669 S
671 S
673 S
675 S
676 S
677 S
678 S
680 S
681 S
682 S
683 S
684 S
685 S
686 S
687 S
688 S
689 S
690 S
691 S
692 S
693 S
694 S
696 S
697 S
698 S
699 S
700 R
701 S
702 S
703 S
704 S
705 S
706 S
707 S
708 S
709 S
710 S
711 S
712 S
713 S
714 R
1587443382996
444 S
465 S
469 S
470 S
474 S
482 S
484 S
488 S
502 S
503 S
504 S
505 S
506 S
507 S
508 S
509 R
510 S
511 S
512 S
513 S
514 S
515 S
516 S
517 S
518 S
519 S
520 D
521 S
522 S
523 S
524 S
528 S
529 S
530 S
531 S
532 S
534 S
536 S
538 S
539 S
540 S
591 S
594 S
595 S
596 S
599 S
600 S
601 S
602 S
603 S
604 S
605 S
606 S
608 S
610 S
612 S
613 S
614 S
615 S
617 S
619 S
621 S
622 S
623 S
624 S
625 S
627 S
630 S
631 S
632 S
633 S
634 S
635 S
636 S
638 S
640 S
642 S
643 S
644 S
645 S
646 S
647 S
649 S
651 S
653 S
654 S
655 S
656 S
657 S
658 S
660 S
662 S
664 S
665 S
666 S
667 S
668 S
669 S
671 S
673 S
675 S
676 S
677 S
678 S
680 S
681 S
682 S
683 S
684 S
685 S
686 S
687 S
688 S
689 S
690 S
691 S
692 R
693 S
694 S
696 S
697 S
698 D
699 S
700 S
701 S
702 S
703 S
704 S
705 S
706 S
707 S
708 S
709 S
710 S
711 S
712 S
713 S
714 R
1587443393464
444 S
465 S
469 S
470 S
474 S
482 S
484 S
488 S
502 R
503 S
504 S
505 R
506 S
507 S
508 S
509 S
510 S
511 S
512 S
513 S
514 S
515 S
516 S
517 S
518 S
519 D
520 D
521 S
522 S
523 R
524 R
528 S
529 S
530 S
531 S
532 S
534 S
536 S
538 S
539 S
540 S
591 S
594 S
595 S
596 S
599 S
600 S
601 S
602 S
603 S
604 S
605 S
606 S
608 S
610 S
612 S
613 S
614 S
615 S
617 S
619 S
621 S
622 S
623 S
624 S
625 S
627 S
630 S
631 S
632 S
633 S
634 S
635 S
636 S
638 S
640 S
642 S
643 S
644 S
645 S
646 S
647 S
649 S
651 S
653 S
654 S
655 S
656 S
657 S
658 S
660 S
662 S
664 S
665 S
666 S
667 S
668 S
669 S
671 S
673 S
675 S
676 S
677 S
678 S
680 S
681 S
682 S
683 R
684 S
685 S
686 S
687 S
688 S
689 S
690 S
691 S
692 S
693 S
694 S
696 S
697 S
698 S
699 S
700 S
701 S
702 S
703 S
704 S
705 S
706 S
707 S
708 R
709 S
710 S
711 S
712 S
713 S
714 R
1587443401614
444 S
465 S
469 S
470 S
474 S
482 S
484 S
488 S
502 R
503 S
504 S
505 S
506 S
507 S
508 S
509 S
510 S
511 S
512 S
513 S
514 S
515 S
516 S
517 S
518 S
519 S
520 D
521 S
522 S
523 S
524 S
528 S
529 S
530 S
531 S
532 S
534 S
536 S
538 S
539 S
540 S
591 S
594 S
595 S
596 S
599 S
600 S
601 R
602 S
603 S
604 S
605 S
606 S
608 S
610 S
612 S
613 S
614 S
615 S
617 S
619 S
621 S
622 S
623 S
624 S
625 S
627 S
630 S
631 S
632 S
633 S
634 S
635 S
636 S
638 S
640 S
642 S
643 S
644 S
645 S
646 S
647 S
649 S
651 S
653 S
654 S
655 S
656 S
657 S
658 S
660 S
662 S
664 S
665 S
666 S
667 S
668 S
669 S
671 S
673 S
675 S
676 S
677 S
678 S
680 S
681 S
682 S
683 S
684 S
685 S
686 S
687 S
688 S
689 S
690 S
691 S
692 S
693 S
694 S
696 S
697 S
698 S
699 S
700 S
701 S
702 S
703 S
704 S
705 S
706 S
707 S
708 S
709 S
710 S
711 S
712 S
713 S
714 R
1587443409667
444 S
465 S
469 S
470 S
474 S
482 S
484 S
488 S
502 S
503 S
504 S
505 S
506 S
507 S
508 S
509 S
510 S
511 S
512 S
513 S
514 S
515 S
516 S
517 S
518 S
519 S
520 S
521 S
522 S
523 S
524 S
528 S
529 S
530 S
531 S
532 S
534 S
536 S
538 S
539 S
540 S
591 S
594 S
595 S
596 S
599 S
600 S
601 S
602 S
603 S
604 S
605 S
606 S
608 S
610 S
612 S
613 S
614 S
615 S
617 S
619 S
621 S
622 S
623 S
624 S
625 S
627 S
630 S
631 S
632 S
633 S
634 S
635 S
636 S
638 S
640 S
642 S
643 S
644 S
645 S
646 R
647 S
649 S
651 S
653 S
654 S
655 S
656 S
657 S
658 S
660 S
662 S
664 S
665 S
666 S
667 S
668 S
669 S
671 S
673 S
675 S
676 S
677 S
678 S
680 S
681 S
682 S
683 S
684 S
685 S
686 S
687 S
688 S
689 S
690 S
691 S
692 R
693 S
694 S
696 S
697 S
698 S
699 S
700 S
701 S
702 S
703 S
704 D
705 S
706 S
707 S
708 S
709 S
710 S
711 S
712 S
713 S
714 R
1587443422329
444 S
465 S
469 S
470 S
474 S
482 S
484 S
488 S
502 R
503 S
504 S
505 S
506 S
507 S
508 S
509 S
510 S
511 S
512 S
513 S
514 S
515 S
516 S
517 S
518 S
519 S
520 S
521 S
522 S
523 S
524 S
528 S
529 S
530 S
531 S
532 S
534 S
536 S
538 S
539 S
540 S
591 S
594 S
595 S
596 S
599 S
600 S
601 S
602 S
603 R
604 R
605 S
606 S
608 S
610 S
612 S
613 S
614 S
615 S
617 S
619 S
621 S
622 S
623 S
624 S
625 S
627 S
630 S
631 S
632 S
633 S
634 S
635 S
636 S
638 S
640 S
642 S
643 S
644 S
645 S
646 S
647 S
649 S
651 S
653 S
654 S
655 S
656 S
657 S
658 S
660 S
662 S
664 S
665 S
666 S
667 S
668 S
669 S
671 S
673 S
675 S
676 S
677 S
678 S
680 S
681 S
682 R
683 S
684 S
685 S
686 S
687 S
688 S
689 S
690 S
691 S
692 S
693 S
694 S
696 S
697 S
698 S
699 S
700 S
701 S
702 S
703 S
704 S
705 S
706 S
707 S
708 S
709 S
710 S
711 S
712 S
713 S
714 R
1587443432595
444 S
465 S
469 S
470 S
474 S
482 S
484 S
488 S
502 S
503 S
504 S
505 S
506 S
507 S
508 S
509 S
510 S
511 S
512 S
513 S
514 S
515 S
516 S
517 S
518 S
519 S
520 D
521 S
522 S
523 S
524 S
528 S
529 S
530 S
531 S
532 S
534 S
536 S
538 S
539 S
540 S
591 S
594 S
595 S
596 S
599 R
600 S
601 S
602 S
603 S
604 S
605 S
606 S
608 S
610 S
612 S
613 S
614 S
615 S
617 S
619 S
621 S
622 S
623 S
624 S
625 S
627 S
630 S
631 S
632 S
633 S
634 R
635 S
636 S
638 S
640 S
642 S
643 S
644 S
645 S
646 S
647 S
649 S
651 S
653 S
654 S
655 S
656 S
657 S
658 S
660 S
662 S
664 S
665 S
666 S
667 S
668 R
669 R
671 S
673 S
675 S
676 S
677 S
678 S
680 S
681 S
682 S
683 S
684 S
685 S
686 S
687 S
688 S
689 R
690 S
691 S
692 S
693 S
694 S
696 S
697 S
698 S
699 S
700 R
701 S
702 S
703 S
704 S
705 S
706 S
707 S
708 S
709 S
710 R
711 S
712 S
713 S
714 R
1587443442409
444 S
465 S
469 S
470 S
474 S
482 S
484 S
488 S
502 S
503 S
504 S
505 S
506 S
507 S
508 S
509 S
510 S
511 S
512 S
513 S
514 S
515 R
516 S
517 S
518 S
519 S
520 S
521 S
522 S
523 S
524 S
528 S
529 S
530 S
531 S
532 S
534 S
536 S
538 S
539 S
540 S
591 S
594 S
595 S
596 S
599 S
600 S
601 S
602 S
603 S
604 S
605 S
606 S
608 S
610 S
612 S
613 S
614 S
615 S
617 S
619 S
621 S
622 S
623 S
624 S
625 S
627 R
630 S
631 S
632 S
633 S
634 S
635 S
636 S
638 R
640 S
642 S
643 S
644 S
645 S
646 S
647 S
649 S
651 S
653 S
654 S
655 S
656 S
657 S
658 S
660 S
662 S
664 S
665 S
666 S
667 S
668 S
669 S
671 S
673 S
675 S
676 S
677 S
678 S
680 S
681 S
682 S
683 S
684 S
685 S
686 S
687 S
688 S
689 S
690 S
691 S
692 S
693 S
694 S
696 S
697 S
698 S
699 S
700 S
701 S
702 S
703 S
704 S
705 S
706 S
707 S
708 S
709 S
710 S
711 S
712 S
713 S
714 R
1587443452752
444 S
465 S
469 S
470 S
474 S
482 S
484 S
488 S
502 S
503 S
504 S
505 S
506 S
507 S
508 S
509 S
510 S
511 S
512 R
513 S
514 S
515 S
516 S
517 S
518 S
519 S
520 D
521 S
522 S
523 S
524 S
528 S
529 S
530 S
531 S
532 S
534 S
536 S
538 S
539 S
540 S
591 S
594 S
595 S
596 S
599 D
600 S
601 S
602 S
603 S
604 S
605 S
606 S
608 S
610 S
612 S
613 S
614 S
615 S
617 R
619 S
621 S
622 S
623 S
624 S
625 S
627 S
630 S
631 S
632 S
633 S
634 S
635 S
636 S
638 S
640 S
642 S
643 S
644 S
645 S
646 S
647 S
649 S
651 S
653 S
654 S
655 S
656 S
657 S
658 S
660 S
662 S
664 S
665 S
666 S
667 S
668 S
669 S
671 S
673 S
675 S
676 S
677 S
678 S
680 S
681 S
682 S
683 S
684 S
685 S
686 S
687 S
688 S
689 S
690 S
691 S
692 S
693 S
694 S
696 S
697 S
698 S
699 S
700 R
701 S
702 S
703 S
704 S
705 S
706 S
707 S
708 S
709 S
710 S
711 S
712 S
713 S
714 R
1587443458467
444 S
465 S
469 S
470 S
474 S
482 S
484 S
488 S
502 S
503 S
504 S
505 S
506 S
507 S
508 S
509 S
510 S
511 S
512 S
513 S
514 S
515 S
516 S
517 S
518 S
519 S
520 S
521 S
522 S
523 S
524 S
528 S
529 S
530 S
531 S
532 S
534 S
536 S
538 S
539 S
540 S
591 S
594 S
595 S
596 S
599 S
600 S
601 S
602 S
603 S
604 S
605 S
606 S
608 S
610 S
612 S
613 S
614 S
615 S
617 S
619 S
621 S
622 S
623 S
624 S
625 S
627 S
630 S
631 S
632 S
633 S
634 S
635 S
636 S
638 S
640 S
642 S
643 S
644 S
645 S
646 S
647 S
649 S
651 S
653 S
654 S
655 S
656 S
657 S
658 S
660 S
662 S
664 S
665 S
666 S
667 S
668 S
669 S
671 S
673 S
675 S
676 S
677 S
678 S
680 S
681 S
682 S
683 S
684 S
685 S
686 S
687 S
688 S
689 S
690 S
691 S
692 S
693 S
694 S
696 S
697 S
698 S
699 S
700 S
701 S
702 S
703 S
704 S
705 S
706 S
707 S
708 S
709 S
710 S
711 S
712 S
713 S
714 R
1587443466168
444 S
465 S
469 S
470 S
474 S
482 S
484 S
488 S
502 S
503 S
504 S
505 S
506 S
507 S
508 S
509 S
510 S
511 S
512 S
513 S
514 S
515 R
516 S
517 S
518 S
519 S
520 S
521 S
522 S
523 S
524 S
528 S
529 S
530 S
531 S
532 S
534 S
536 S
538 S
539 S
540 S
591 S
594 S
595 S
596 S
599 S
600 S
601 S
602 S
603 S
604 S
605 S
606 S
608 S
610 S
612 S
613 S
614 S
615 S
617 S
619 S
621 S
622 S
623 S
624 S
625 S
627 S
630 S
631 S
632 S
633 S
634 S
635 S
636 S
638 S
640 S
642 S
643 S
644 R
645 S
646 S
647 S
649 S
651 S
653 S
654 S
655 S
656 S
657 S
658 S
660 S
662 S
664 S
665 S
666 S
667 S
668 S
669 S
671 S
673 S
675 S
676 S
677 S
678 S
680 S
681 S
682 S
683 S
684 S
685 S
686 S
687 S
688 S
689 S
690 S
691 S
692 S
693 S
694 S
696 S
697 S
698 S
699 S
700 S
701 S
702 R
703 S
704 S
705 S
706 S
707 S
708 S
709 S
710 S
711 S
712 S
713 S
714 R
1587443474488
444 S
465 S
469 S
470 S
474 S
482 S
484 S
488 S
502 S
503 S
504 S
505 S
506 S
507 S
508 S
509 S
510 S
511 S
512 S
513 S
514 S
515 S
516 S
517 S
518 R
519 S
520 S
521 S
522 S
523 S
524 S
528 S
529 S
530 S
531 R
532 S
534 S
536 S
538 S
539 S
540 S
591 S
594 S
595 S
596 S
599 S
600 S
601 S
602 S
603 S
604 S
605 S
606 S
608 S
610 S
612 S
613 S
614 S
615 S
617 S
619 S
621 S
622 S
623 S
624 S
625 S
627 S
630 S
631 S
632 S
633 S
634 S
635 S
636 S
638 S
640 S
642 S
643 S
644 S
645 S
646 S
647 S
649 S
651 S
653 S
654 S
655 S
656 S
657 S
658 S
660 S
662 S
664 S
665 S
666 S
667 S
668 S
669 S
671 S
673 S
675 S
676 S
677 S
678 S
680 S
681 S
682 S
683 S
684 S
685 S
686 S
687 S
688 S
689 S
690 S
691 S
692 S
693 S
694 S
696 S
697 S
698 S
699 S
700 S
701 S
702 S
703 S
704 S
705 S
706 S
707 S
708 S
709 S
710 S
711 S
712 S
713 S
714 R
1587443485053
444 S
465 S
469 S
470 S
474 S
482 S
484 S
488 S
502 S
503 S
504 S
505 S
506 S
507 S
508 S
509 S
510 S
511 S
512 S
513 S
514 S
515 S
516 S
517 S
518 S
519 S
520 S
521 S
522 S
523 S
524 S
528 S
529 S
530 S
531 S
532 S
534 S
536 S
538 S
539 S
540 S
591 S
594 S
595 S
596 S
599 R
600 S
601 S
602 S
603 S
604 S
605 S
606 S
608 S
610 S
612 S
613 S
614 S
615 S
617 S
619 S
621 S
622 S
623 S
624 S
625 S
627 S
630 S
631 S
632 S
633 S
634 S
635 S
636 S
638 S
640 S
642 S
643 S
644 S
645 S
646 S
647 S
649 S
651 S
653 S
654 S
655 S
656 S
657 S
658 S
660 S
662 S
664 S
665 S
666 S
667 S
668 S
669 S
671 S
673 S
675 S
676 S
677 S
678 S
680 S
681 S
682 S
683 S
684 S
685 S
686 S
687 S
688 S
689 S
690 S
691 S
692 S
693 S
694 S
696 S
697 S
698 S
699 S
700 R
701 S
702 S
703 S
704 S
705 S
706 S
707 S
708 S
709 S
710 S
711 S
712 S
713 S
714 R
1587443493304
444 S
465 S
469 S
470 S
474 S
482 S
484 S
488 S
502 S
503 S
504 S
505 S
506 S
507 S
508 S
509 S
510 S
511 S
512 S
513 S
514 S
515 S
516 S
517 S
518 S
519 S
520 S
521 S
522 S
523 S
524 S
528 S
529 S
530 S
531 S
532 S
534 S
536 S
538 S
539 S
540 S
591 S
594 S
595 S
596 S
599 S
600 S
601 S
602 S
603 S
604 S
605 S
606 S
608 S
610 S
612 S
613 S
614 S
615 S
617 S
619 S
621 S
622 S
623 S
624 S
625 S
627 S
630 S
631 S
632 S
633 S
634 S
635 S
636 S
638 S
640 S
642 S
643 S
644 S
645 S
646 S
647 S
649 S
651 S
653 S
654 S
655 S
656 S
657 S
658 S
660 S
662 S
664 S
665 S
666 S
667 S
668 S
669 S
671 S
673 S
675 S
676 S
677 S
678 S
680 S
681 S
682 S
683 S
684 S
685 S
686 S
687 S
688 S
689 S
690 S
691 S
692 S
693 S
694 S
696 S
697 S
698 S
699 S
700 S
701 S
702 S
703 S
704 S
705 S
706 S
707 S
708 S
709 S
710 S
711 S
712 S
713 S
714 R
1587443500460
444 S
465 S
469 S
470 S
474 S
482 S
484 S
488 S
502 S
503 S
504 S
505 S
506 S
507 S
508 S
509 S
510 S
511 S
512 R
513 S
514 S
515 S
516 S
517 S
518 S
519 S
520 S
521 S
522 S
523 S
524 S
528 S
529 S
530 S
531 S
532 S
534 S
536 S
538 S
539 S
540 S
591 S
594 S
595 S
596 S
599 S
600 S
601 S
602 S
603 S
604 S
605 S
606 S
608 S
610 S
612 S
613 S
614 S
615 S
617 S
619 S
621 S
622 S
623 S
624 S
625 S
627 S
630 S
631 S
632 S
633 S
634 S
635 S
636 S
638 S
640 S
642 S
643 S
644 S
645 S
646 S
647 S
649 S
651 S
653 S
654 S
655 S
656 S
657 S
658 S
660 S
662 S
664 S
665 S
666 S
667 S
668 S
669 S
671 S
673 S
675 S
676 S
677 S
678 S
680 S
681 S
682 S
683 S
684 S
685 S
686 S
687 S
688 S
689 S
690 S
691 S
692 S
693 S
694 S
696 S
697 S
698 S
699 S
700 S
701 S
702 S
703 S
704 S
705 S
706 S
707 S
708 R
709 S
710 S
711 S
712 S
713 S
714 R
1587443513304
444 S
465 S
469 S
470 S
474 S
482 S
484 S
488 S
502 S
503 S
504 S
505 S
506 S
507 S
508 S
509 S
510 S
511 S
512 S
513 S
514 S
515 S
516 S
517 S
518 S
519 S
520 S
521 S
522 S
523 S
524 S
528 S
529 S
530 S
531 S
532 S
534 S
536 S
538 S
539 S
540 S
591 S
594 S
595 S
596 S
599 S
600 S
601 S
602 S
603 S
604 S
605 S
606 S
608 S
610 S
612 S
613 S
614 S
615 S
617 S
619 S
621 S
622 S
623 S
624 S
625 S
627 S
630 S
631 S
632 S
633 S
634 S
635 S
636 S
638 S
640 S
642 S
643 S
644 S
645 S
646 S
647 S
649 S
651 S
653 S
654 S
655 S
656 R
657 S
658 S
660 S
662 S
664 S
665 S
666 S
667 S
668 S
669 S
671 S
673 S
675 S
676 S
677 S
678 S
680 S
681 S
682 S
683 S
684 S
685 S
686 S
687 S
688 S
689 S
690 S
691 S
692 S
693 S
694 S
696 S
697 S
698 S
699 S
700 S
701 S
702 S
703 S
704 S
705 S
706 S
707 S
708 S
709 S
710 S
711 S
712 S
713 S
714 R
1587443523004
444 S
465 S
469 S
470 S
474 S
482 S
484 S
488 S
502 R
503 S
504 S
505 S
506 R
507 S
508 R
509 S
510 S
511 S
512 S
513 S
514 S
515 R
516 S
517 S
518 S
519 S
520 S
521 S
522 S
523 S
524 S
528 S
529 S
530 S
531 S
532 S
534 S
536 S
538 S
539 S
540 S
591 S
594 S
595 S
596 S
599 S
600 S
601 S
602 S
603 S
604 S
605 S
606 S
608 S
610 S
612 S
613 S
614 S
615 S
617 S
619 S
621 S
622 S
623 S
624 S
625 S
627 S
630 S
631 S
632 S
633 S
634 S
635 S
636 S
638 S
640 S
642 S
643 S
644 S
645 S
646 S
647 S
649 S
651 S
653 R
654 S
655 S
656 S
657 S
658 S
660 S
662 S
664 S
665 S
666 S
667 S
668 S
669 S
671 S
673 S
675 S
676 S
677 S
678 S
680 S
681 S
682 S
683 S
684 R
685 R
686 R
687 R
688 R
689 S
690 S
691 S
692 S
693 S
694 S
696 S
697 S
698 S
699 S
700 S
701 S
702 S
703 S
704 S
705 S
706 S
707 S
708 S
709 S
710 S
711 S
712 S
713 S
714 R
1587443532565
444 S
465 S
469 S
470 S
474 S
482 S
484 S
488 S
502 S
503 S
504 S
505 S
506 S
507 S
508 S
509 S
510 S
511 S
512 S
513 S
514 S
515 S
516 S
517 S
518 S
519 S
520 S
521 S
522 S
523 S
524 S
528 S
529 S
530 S
531 S
532 S
534 S
536 S
538 S
539 S
540 S
591 S
594 S
595 S
596 R
599 S
600 S
601 S
602 S
603 S
604 S
605 S
606 S
608 S
610 S
612 S
613 S
614 S
615 S
617 S
619 S
621 S
622 S
623 S
624 S
625 S
627 S
630 S
631 S
632 S
633 S
634 S
635 S
636 S
638 S
640 S
642 S
643 S
644 S
645 S
646 S
647 S
649 S
651 S
653 S
654 S
655 S
656 S
657 S
658 S
660 S
662 S
664 S
665 S
666 S
667 S
668 S
669 S
671 S
673 S
675 S
676 S
677 S
678 S
680 S
681 S
682 S
683 S
684 S
685 S
686 S
687 S
688 S
689 S
690 S
691 S
692 S
693 S
694 S
696 S
697 S
698 S
699 S
700 S
701 S
702 S
703 S
704 S
705 S
706 S
707 S
708 S
709 S
710 S
711 S
712 R
713 S
714 R
1587443542529
444 S
465 S
469 S
470 S
474 S
482 S
484 S
488 S
502 R
503 S
504 S
505 S
506 S
507 S
508 S
509 S
510 S
511 S
512 S
513 S
514 S
515 S
516 S
517 S
518 S
519 S
520 S
521 S
522 S
523 S
524 S
528 S
529 S
530 S
531 S
532 S
534 S
536 S
538 S
539 S
540 S
591 S
594 S
595 S
596 S
599 S
600 S
601 S
602 S
603 S
604 S
605 S
606 S
608 S
610 S
612 S
613 S
614 S
615 S
617 S
619 S
621 S
622 S
623 S
624 S
625 S
627 S
630 S
631 S
632 S
633 S
634 S
635 S
636 S
638 S
640 S
642 S
643 S
644 S
645 S
646 S
647 S
649 S
651 S
653 S
654 S
655 S
656 S
657 S
658 S
660 S
662 S
664 S
665 S
666 S
667 S
668 R
669 S
671 S
673 S
675 S
676 S
677 S
678 S
680 S
681 S
682 S
683 S
684 S
685 S
686 S
687 S
688 S
689 S
690 S
691 S
692 S
693 S
694 S
696 S
697 S
698 S
699 S
700 R
701 S
702 S
703 S
704 S
705 S
706 S
707 S
708 S
709 S
710 S
711 S
712 R
713 S
714 R
1587443558209
444 S
465 S
469 S
470 S
474 S
482 S
484 S
488 S
502 S
503 S
504 R
505 S
506 S
507 S
508 S
509 S
510 S
511 S
512 S
513 S
514 S
515 S
516 S
517 S
518 S
519 S
520 S
521 S
522 S
523 S
524 S
528 S
529 S
530 S
531 S
532 S
534 S
536 S
538 S
539 S
540 S
591 S
594 S
595 S
596 S
599 S
600 S
601 S
602 S
603 S
604 S
605 S
606 S
608 S
610 S
612 S
613 S
614 S
615 S
617 S
619 S
621 S
622 S
623 S
624 S
625 S
627 S
630 S
631 S
632 S
633 S
634 S
635 S
636 S
638 S
640 S
642 S
643 S
644 S
645 S
646 S
647 S
649 S
651 S
653 S
654 S
655 S
656 S
657 S
658 S
660 S
662 S
664 S
665 S
666 S
667 S
668 S
669 S
671 S
673 S
675 S
676 S
677 S
678 S
680 S
681 S
682 S
683 S
684 S
685 S
686 S
687 S
688 S
689 S
690 S
691 S
692 S
693 S
694 S
696 S
697 S
698 S
699 S
700 S
701 S
702 S
703 S
704 S
705 S
706 S
707 S
708 R
709 S
710 S
711 S
712 S
713 S
714 D
1587443566328
444 S
465 S
469 S
470 S
474 S
482 S
484 S
488 S
502 R
503 S
504 S
505 S
506 R
507 S
508 S
509 S
510 S
511 S
512 S
513 S
514 S
515 S
516 S
517 S
518 S
519 S
520 S
521 S
522 S
523 S
524 S
528 S
529 S
530 S
531 S
532 S
534 S
536 S
538 S
539 S
540 S
591 S
594 S
595 S
596 S
599 S
600 S
601 S
602 S
603 S
604 S
605 S
606 S
608 S
610 S
612 S
613 S
614 S
615 S
617 S
619 S
621 S
622 S
623 S
624 S
625 S
627 S
630 S
631 S
632 S
633 S
634 S
635 S
636 S
638 S
640 S
642 S
643 S
644 S
645 S
646 S
647 S
649 S
651 S
653 S
654 S
655 S
656 S
657 S
658 S
660 S
662 S
664 S
665 S
666 S
667 S
668 S
669 S
671 S
673 S
675 S
676 S
677 S
678 S
680 S
681 S
682 S
683 S
684 S
685 S
686 S
687 S
688 S
689 S
690 S
691 S
692 S
693 S
694 S
696 S
697 S
698 S
699 S
700 S
701 S
702 S
703 S
704 S
705 S
706 S
707 S
708 S
709 S
710 S
711 S
712 S
713 S
714 R
1587443576448
444 S
465 S
469 S
470 S
474 S
482 S
484 S
488 S
502 S
503 S
504 S
505 S
506 S
507 S
508 S
509 S
510 S
511 S
512 S
513 S
514 S
515 S
516 S
517 S
518 S
519 S
520 S
521 S
522 S
523 S
524 S
528 S
529 S
530 S
531 S
532 S
534 S
536 S
538 S
539 S
540 S
591 S
594 S
595 S
596 S
599 S
600 S
601 S
602 S
603 S
604 S
605 S
606 S
608 S
610 S
612 S
613 S
614 S
615 S
617 S
619 S
621 S
622 S
623 S
624 S
625 S
627 S
630 S
631 S
632 S
633 S
634 S
635 S
636 S
638 S
640 S
642 S
643 S
644 S
645 S
646 S
647 S
649 S
651 S
653 S
654 S
655 S
656 S
657 S
658 S
660 S
662 S
664 S
665 S
666 S
667 S
668 S
669 S
671 S
673 S
675 S
676 S
677 S
678 S
680 S
681 S
682 S
683 S
684 S
685 S
686 S
687 S
688 S
689 S
690 S
691 D
692 S
693 S
694 S
696 S
697 S
698 S
699 S
700 S
701 S
702 S
703 S
704 D
705 S
706 S
707 S
708 S
709 S
710 S
711 S
712 S
713 S
714 R
1587443588572
444 S
465 S
469 S
470 S
474 S
482 S
484 S
488 S
502 R
503 S
504 S
505 S
506 S
507 S
508 S
509 S
510 S
511 S
512 S
513 S
514 S
515 S
516 S
517 S
518 S
519 D
520 S
521 S
522 S
523 S
524 S
528 S
529 S
530 S
531 S
532 S
534 S
536 S
538 S
539 S
540 S
591 S
594 S
595 S
596 S
599 S
600 S
601 S
602 S
603 S
604 S
605 S
606 S
608 S
610 S
612 S
613 S
614 S
615 S
617 S
619 S
621 S
622 S
623 S
624 S
625 S
627 S
630 S
631 S
632 S
633 S
634 S
635 S
636 S
638 S
640 S
642 S
643 S
644 S
645 R
646 S
647 S
649 S
651 S
653 S
654 S
655 S
656 S
657 S
658 S
660 S
662 S
664 S
665 S
666 S
667 S
668 S
669 S
671 S
673 S
675 S
676 S
677 S
678 S
680 S
681 S
682 S
683 S
684 S
685 S
686 S
687 S
688 S
689 S
690 S
691 S
692 S
693 S
694 S
696 S
697 S
698 S
699 S
700 S
701 S
702 S
703 S
704 S
705 S
706 S
707 S
708 S
709 S
710 S
711 S
712 S
713 S
714 R
1587443597361
444 S
465 S
469 S
470 S
474 S
482 S
484 S
488 S
502 S
503 S
504 S
505 S
506 S
507 S
508 S
509 S
510 S
511 S
512 S
513 S
514 S
515 S
516 S
517 S
518 S
519 S
520 S
521 S
522 S
523 S
524 S
528 S
529 S
530 S
531 S
532 S
534 S
536 S
538 S
539 S
540 S
591 S
594 S
595 S
596 S
599 S
600 S
601 S
602 S
603 S
604 S
605 S
606 S
608 S
610 S
612 S
613 S
614 S
615 S
617 S
619 S
621 S
622 S
623 S
624 S
625 S
627 S
630 S
631 S
632 S
633 S
634 S
635 S
636 S
638 S
640 S
642 S
643 S
644 S
645 S
646 S
647 S
649 S
651 S
653 S
654 S
655 S
656 S
657 S
658 S
660 S
662 S
664 S
665 S
666 S
667 S
668 S
669 S
671 S
673 S
675 S
676 S
677 S
678 S
680 S
681 S
682 S
683 S
684 S
685 S
686 S
687 S
688 S
689 S
690 S
691 S
692 S
693 S
694 S
696 S
697 S
698 S
699 S
700 S
701 S
702 R
703 S
704 S
705 S
706 S
707 S
708 S
709 S
710 S
711 S
712 S
713 S
714 R
1587443607049
444 S
465 S
469 S
470 S
474 S
482 S
484 S
488 S
502 S
503 S
504 S
505 S
506 S
507 S
508 S
509 S
510 S
511 S
512 S
513 S
514 S
515 S
516 S
517 S
518 S
519 S
520 S
521 S
522 S
523 S
524 S
528 S
529 S
530 R
531 S
532 S
534 S
536 S
538 S
539 S
540 S
591 S
594 S
595 S
596 S
599 S
600 S
601 S
602 S
603 S
604 S
605 S
606 S
608 S
610 S
612 S
613 S
614 S
615 S
617 S
619 S
621 S
622 S
623 S
624 S
625 S
627 S
630 S
631 S
632 S
633 S
634 S
635 S
636 S
638 S
640 S
642 S
643 S
644 S
645 S
646 S
647 S
649 S
651 S
653 S
654 S
655 S
656 S
657 S
658 S
660 S
662 S
664 S
665 S
666 S
667 S
668 S
669 S
671 S
673 S
675 S
676 S
677 S
678 S
680 S
681 S
682 S
683 S
684 S
685 S
686 S
687 S
688 S
689 S
690 S
691 S
692 S
693 S
694 S
696 S
697 S
698 S
699 S
700 S
701 S
702 S
703 S
704 R
705 S
706 S
707 S
708 S
709 S
710 S
711 S
712 S
713 S
714 R
1587443613981
444 S
465 S
469 S
470 S
474 S
482 S
484 S
488 S
502 S
503 S
504 S
505 S
506 S
507 S
508 S
509 S
510 S
511 S
512 S
513 S
514 R
515 S
516 S
517 S
518 S
519 S
520 D
521 S
522 S
523 S
524 S
528 S
529 S
530 S
531 S
532 S
534 S
536 S
538 S
539 S
540 S
591 S
594 S
595 S
596 S
599 S
600 S
601 S
602 S
603 S
604 S
605 S
606 S
608 S
610 S
612 S
613 S
614 S
615 S
617 S
619 S
621 S
622 S
623 S
624 S
625 S
627 S
630 S
631 S
632 S
633 S
634 S
635 S
636 S
638 S
640 S
642 S
643 S
644 S
645 R
646 S
647 S
649 S
651 S
653 S
654 S
655 S
656 S
657 S
658 S
660 S
662 S
664 S
665 S
666 S
667 S
668 S
669 S
671 S
673 S
675 S
676 S
677 S
678 S
680 S
681 S
682 S
683 S
684 S
685 S
686 S
687 S
688 S
689 S
690 S
691 S
692 S
693 S
694 S
696 S
697 S
698 S
699 S
700 R
701 S
702 S
703 S
704 R
705 S
706 S
707 S
708 S
709 S
710 S
711 S
712 S
713 S
714 R
1587443622916
444 S
465 S
469 S
470 S
474 S
482 S
484 S
488 S
502 S
503 S
504 S
505 S
506 S
507 S
508 S
509 S
510 S
511 S
512 S
513 S
514 S
515 S
516 S
517 S
518 S
519 S
520 S
521 S
522 S
523 S
524 S
528 S
529 S
530 S
531 S
532 S
534 S
536 S
538 S
539 S
540 S
591 S
594 S
595 S
596 S
599 R
600 S
601 S
602 S
603 S
604 S
605 S
606 S
608 S
610 S
612 S
613 S
614 S
615 S
617 S
619 S
621 S
622 S
623 S
624 S
625 S
627 S
630 S
631 S
632 S
633 S
634 S
635 S
636 S
638 S
640 S
642 S
643 S
644 S
645 S
646 S
647 S
649 S
651 S
653 S
654 S
655 S
656 S
657 S
658 S
660 S
662 S
664 S
665 S
666 S
667 S
668 S
669 S
671 S
673 S
675 S
676 S
677 S
678 S
680 S
681 S
682 S
683 S
684 S
685 S
686 S
687 S
688 S
689 S
690 S
691 S
692 S
693 S
694 S
696 S
697 S
698 S
699 S
700 R
701 S
702 S
703 S
704 S
705 S
706 S
707 S
708 S
709 S
710 S
711 S
712 S
713 S
714 R
1587443634820
444 S
465 S
469 S
470 S
474 S
482 S
484 S
488 S
502 R
503 S
504 S
505 S
506 S
507 S
508 S
509 S
510 S
511 S
512 S
513 S
514 S
515 S
516 S
517 S
518 S
519 S
520 S
521 S
522 S
523 S
524 S
528 S
529 S
530 S
531 S
532 S
534 S
536 S
538 S
539 S
540 S
591 S
594 S
595 S
596 S
599 S
600 S
601 S
602 S
603 S
604 S
605 S
606 S
608 S
610 S
612 S
613 S
614 S
615 S
617 S
619 S
621 S
622 S
623 S
624 S
625 S
627 S
630 S
631 S
632 S
633 S
634 S
635 S
636 S
638 S
640 S
642 S
643 S
644 S
645 S
646 S
647 S
649 S
651 S
653 S
654 S
655 S
656 S
657 S
658 S
660 S
662 S
664 S
665 S
666 S
667 S
668 S
669 S
671 S
673 S
675 S
676 S
677 S
678 S
680 S
681 S
682 S
683 R
684 S
685 S
686 S
687 S
688 S
689 S
690 S
691 S
692 S
693 S
694 S
696 S
697 S
698 S
699 S
700 S
701 S
702 S
703 S
704 S
705 S
706 D
707 S
708 S
709 S
710 D
711 S
712 S
713 S
714 R
1587443645094
444 S
465 S
469 S
470 S
474 S
482 S
484 S
488 S
502 S
503 S
504 S
505 S
506 S
507 S
508 S
509 S
510 S
511 S
512 S
513 S
514 S
515 S
516 S
517 S
518 S
519 S
520 D
521 S
522 S
523 S
524 S
528 S
529 S
530 S
531 S
532 S
534 S
536 S
538 S
539 S
540 S
591 S
594 S
595 S
596 S
599 S
600 S
601 S
602 S
603 S
604 S
605 S
606 S
608 S
610 S
612 S
613 S
614 S
615 S
617 S
619 S
621 S
622 S
623 S
624 S
625 S
627 S
630 S
631 S
632 S
633 S
634 S
635 S
636 S
638 S
640 S
642 S
643 S
644 S
645 S
646 S
647 S
649 S
651 S
653 S
654 S
655 R
656 S
657 S
658 S
660 S
662 S
664 S
665 S
666 S
667 S
668 S
669 S
671 S
673 S
675 S
676 S
677 S
678 S
680 S
681 S
682 S
683 S
684 S
685 S
686 S
687 S
688 S
689 S
690 S
691 S
692 S
693 S
694 S
696 S
697 S
698 S
699 S
700 R
701 S
702 S
703 S
704 S
705 S
706 S
707 S
708 S
709 S
710 S
711 S
712 S
713 S
714 R
1587443651204
444 S
465 S
469 S
470 S
474 S
482 S
484 S
488 S
502 R
503 S
504 S
505 S
506 D
507 S
508 S
509 S
510 S
511 S
512 S
513 S
514 S
515 S
516 S
517 S
518 S
519 S
520 S
521 S
522 S
523 S
524 S
528 S
529 S
530 S
531 S
532 S
534 S
536 S
538 S
539 S
540 S
591 S
594 S
595 S
596 S
599 S
600 S
601 S
602 S
603 S
604 S
605 S
606 S
608 S
610 S
612 S
613 S
614 S
615 S
617 S
619 S
621 S
622 S
623 S
624 S
625 S
627 S
630 S
631 S
632 S
633 S
634 S
635 S
636 S
638 S
640 S
642 S
643 S
644 S
645 S
646 S
647 S
649 S
651 S
653 S
654 S
655 S
656 S
657 S
658 S
660 S
662 S
664 S
665 S
666 S
667 S
668 S
669 S
671 S
673 S
675 S
676 S
677 S
678 S
680 S
681 S
682 S
683 S
684 S
685 S
686 S
687 S
688 S
689 S
690 S
691 S
692 S
693 S
694 S
696 S
697 S
698 D
699 S
700 S
701 S
702 S
703 S
704 S
705 S
706 S
707 S
708 S
709 S
710 S
711 S
712 S
713 S
714 R
1587443656149
444 S
465 S
469 S
470 S
474 S
482 S
484 S
488 S
502 S
503 S
504 S
505 S
506 S
507 S
508 R
509 S
510 S
511 S
512 R
513 S
514 S
515 S
516 S
517 S
518 S
519 S
520 S
521 S
522 S
523 S
524 S
528 S
529 S
530 S
531 S
532 S
534 S
536 S
538 S
539 S
540 S
591 S
594 S
595 S
596 S
599 S
600 S
601 S
602 S
603 S
604 S
605 S
606 S
608 S
610 S
612 S
613 S
614 S
615 R
617 S
619 S
621 S
622 S
623 S
624 S
625 S
627 S
630 S
631 S
632 S
633 S
634 S
635 S
636 S
638 S
640 S
642 S
643 S
644 S
645 S
646 S
647 S
649 S
651 S
653 S
654 S
655 S
656 S
657 S
658 S
660 S
662 S
664 S
665 S
666 R
667 S
668 S
669 S
671 S
673 S
675 S
676 S
677 S
678 S
680 S
681 S
682 S
683 S
684 S
685 S
686 S
687 S
688 S
689 S
690 S
691 S
692 S
693 S
694 S
696 S
697 S
698 R
699 S
700 S
701 S
702 S
703 S
704 S
705 S
706 S
707 S
708 S
709 S
710 R
711 S
712 R
713 S
714 R
1587443664678
444 S
465 S
469 S
470 S
474 S
482 S
484 S
488 S
502 S
503 S
504 S
505 S
506 S
507 S
508 S
509 S
510 S
511 S
512 S
513 S
514 S
515 S
516 S
517 S
518 S
519 S
520 S
521 S
522 S
523 S
524 S
528 S
529 S
530 S
531 S
532 S
534 S
536 S
538 S
539 R
540 S
591 S
594 S
595 S
596 D
599 S
600 S
601 S
602 S
603 S
604 S
605 S
606 S
608 R
610 S
612 S
613 S
614 S
615 S
617 S
619 S
621 S
622 S
623 S
624 S
625 S
627 S
630 S
631 S
632 S
633 S
634 S
635 S
636 S
638 S
640 S
642 S
643 S
644 S
645 S
646 S
647 S
649 S
651 S
653 S
654 S
655 S
656 S
657 S
658 S
660 S
662 S
664 S
665 S
666 S
667 R
668 S
669 S
671 S
673 S
675 S
676 S
677 S
678 S
680 S
681 S
682 S
683 S
684 S
685 S
686 S
687 S
688 S
689 R
690 S
691 S
692 S
693 S
694 S
696 S
697 S
698 S
699 S
700 S
701 S
702 S
703 S
704 S
705 S
706 S
707 S
708 S
709 S
710 S
711 S
712 S
713 S
714 R
1587443675859
444 S
465 S
469 S
470 S
474 S
482 S
484 S
488 S
502 S
503 S
504 S
505 S
506 S
507 S
508 S
509 S
510 S
511 S
512 S
513 S
514 S
515 S
516 S
517 S
518 S
519 S
520 S
521 S
522 S
523 S
524 S
528 S
529 S
530 S
531 S
532 S
534 S
536 S
538 S
539 S
540 S
591 S
594 S
595 S
596 S
599 S
600 S
601 S
602 S
603 S
604 S
605 S
606 S
608 S
610 S
612 S
613 S
614 S
615 S
617 S
619 S
621 S
622 S
623 S
624 S
625 S
627 S
630 S
631 S
632 S
633 S
634 S
635 S
636 S
638 S
640 S
642 S
643 S
644 S
645 S
646 S
647 S
649 S
651 S
653 S
654 S
655 S
656 S
657 S
658 S
660 S
662 S
664 S
665 S
666 S
667 S
668 S
669 S
671 S
673 S
675 S
676 S
677 S
678 S
680 S
681 S
682 R
683 S
684 S
685 S
686 S
687 S
688 S
689 S
690 S
691 S
692 R
693 S
694 S
696 S
697 S
698 S
699 S
700 S
701 S
702 S
703 S
704 S
705 S
706 S
707 S
708 S
709 S
710 S
711 S
712 S
713 S
714 R
1587443680944
444 S
465 S
469 S
470 S
474 S
482 S
484 S
488 S
502 S
503 S
504 S
505 S
506 S
507 S
508 S
509 S
510 S
511 S
512 S
513 S
514 S
515 S
516 S
517 S
518 S
519 S
520 S
521 S
522 S
523 S
524 S
528 S
529 S
530 S
531 S
532 S
534 S
536 S
538 S
539 S
540 S
591 S
594 S
595 S
596 S
599 S
600 S
601 S
602 S
603 S
604 S
605 S
606 S
608 S
610 S
612 S
613 S
614 S
615 S
617 S
619 S
621 S
622 S
623 S
624 S
625 S
627 S
630 S
631 S
632 S
633 S
634 S
635 S
636 S
638 S
640 S
642 S
643 S
644 S
645 S
646 S
647 S
649 S
651 S
653 S
654 S
655 S
656 S
657 S
658 S
660 S
662 S
664 S
665 S
666 S
667 S
668 S
669 S
671 S
673 S
675 S
676 S
677 S
678 S
680 S
681 S
682 S
683 S
684 R
685 S
686 S
687 S
688 S
689 S
690 S
691 S
692 S
693 S
694 S
696 S
697 S
698 S
699 S
700 S
701 S
702 S
703 S
704 S
705 S
706 S
707 S
708 S
709 S
710 S
711 S
712 S
713 S
714 R
1587443689747
444 S
465 S
469 S
470 S
474 S
482 S
484 S
488 S
502 S
503 S
504 S
505 S
506 S
507 S
508 S
509 S
510 S
511 S
512 S
513 S
514 S
515 S
516 S
517 S
518 R
519 D
520 D
521 S
522 S
523 S
524 S
528 S
529 S
530 S
531 R
532 R
534 S
536 S
538 S
539 S
540 S
591 S
594 S
595 S
596 S
599 S
600 S
601 S
602 S
603 S
604 S
605 S
606 S
608 S
610 S
612 S
613 S
614 S
615 S
617 S
619 S
621 S
622 S
623 S
624 S
625 S
627 S
630 S
631 S
632 S
633 S
634 S
635 S
636 S
638 S
640 S
642 S
643 S
644 S
645 S
646 S
647 S
649 S
651 S
653 S
654 S
655 S
656 S
657 S
658 S
660 S
662 S
664 S
665 S
666 S
667 S
668 S
669 S
671 S
673 S
675 S
676 S
677 S
678 S
680 S
681 S
682 S
683 S
684 S
685 S
686 R
687 S
688 S
689 S
690 S
691 D
692 S
693 S
694 S
696 S
697 S
698 S
699 S
700 S
701 S
702 S
703 S
704 S
705 S
706 S
707 S
708 S
709 S
710 S
711 S
712 S
713 S
714 R
1587443702417
444 S
465 S
469 S
470 S
474 S
482 S
484 S
488 S
502 S
503 S
504 S
505 S
506 S
507 S
508 S
509 S
510 S
511 S
512 S
513 S
514 S
515 S
516 S
517 S
518 S
519 S
520 S
521 S
522 S
523 S
524 S
528 S
529 S
530 S
531 S
532 S
534 S
536 S
538 S
539 S
540 S
591 S
594 S
595 S
596 S
599 S
600 S
601 S
602 S
603 S
604 S
605 S
606 S
608 S
610 S
612 S
613 S
614 S
615 S
617 S
619 S
621 S
622 S
623 S
624 S
625 S
627 S
630 S
631 S
632 S
633 S
634 S
635 S
636 S
638 S
640 S
642 S
643 S
644 S
645 S
646 S
647 S
649 S
651 S
653 S
654 S
655 S
656 S
657 S
658 S
660 S
662 S
664 S
665 S
666 S
667 S
668 R
669 S
671 S
673 S
675 S
676 S
677 S
678 S
680 S
681 S
682 S
683 D
684 S
685 S
686 S
687 S
688 S
689 S
690 S
691 S
692 S
693 S
694 S
696 S
697 S
698 S
699 S
700 S
701 S
702 S
703 S
704 S
705 S
706 S
707 S
708 S
709 S
710 S
711 S
712 S
713 S
714 R
1587443712688
444 S
465 S
469 S
470 S
474 S
482 S
484 S
488 S
502 S
503 S
504 S
505 S
506 S
507 S
508 S
509 S
510 S
511 S
512 S
513 S
514 S
515 S
516 S
517 S
518 S
519 S
520 S
521 S
522 S
523 S
524 S
528 S
529 S
530 S
531 S
532 S
534 S
536 S
538 S
539 S
540 S
591 S
594 S
595 S
596 S
599 S
600 S
601 S
602 S
603 S
604 S
605 S
606 S
608 S
610 S
612 S
613 S
614 S
615 S
617 S
619 S
621 S
622 S
623 S
624 S
625 S
627 S
630 S
631 S
632 S
633 S
634 S
635 S
636 S
638 S
640 S
642 S
643 S
644 S
645 S
646 S
647 S
649 S
651 S
653 S
654 S
655 S
656 S
657 S
658 S
660 S
662 S
664 S
665 S
666 S
667 S
668 S
669 S
671 S
673 S
675 S
676 S
677 S
678 S
680 S
681 S
682 S
683 S
684 S
685 S
686 S
687 S
688 S
689 S
690 S
691 S
692 S
693 S
694 S
696 S
697 S
698 S
699 S
700 S
701 S
702 S
703 S
704 D
705 S
706 S
707 S
708 R
709 S
710 S
711 S
712 S
713 S
714 R
1587443722509
444 S
465 S
469 S
470 S
474 S
482 S
484 S
488 S
502 S
503 S
504 S
505 S
506 S
507 S
508 S
509 S
510 S
511 S
512 S
513 S
514 S
515 S
516 S
517 S
518 S
519 S
520 S
521 S
522 S
523 S
524 S
528 S
529 S
530 S
531 S
532 S
534 S
536 S
538 S
539 S
540 S
591 S
594 S
595 S
596 S
599 S
600 S
601 S
602 S
603 S
604 S
605 S
606 S
608 S
610 S
612 S
613 S
614 S
615 S
617 S
619 S
621 S
622 S
623 S
624 S
625 S
627 S
630 S
631 S
632 S
633 S
634 S
635 S
636 S
638 S
640 S
642 S
643 S
644 S
645 S
646 S
647 S
649 S
651 S
653 S
654 S
655 S
656 S
657 S
658 S
660 S
662 S
664 S
665 S
666 S
667 S
668 S
669 S
671 S
673 S
675 S
676 S
677 S
678 S
680 S
681 S
682 S
683 S
684 S
685 S
686 S
687 S
688 S
689 S
690 S
691 S
692 S
693 S
694 S
696 S
697 S
698 S
699 S
700 S
701 S
702 S
703 S
704 S
705 S
706 S
707 S
708 S
709 S
710 S
711 S
712 S
713 S
714 R
1587443732084
444 S
465 S
469 S
470 S
474 S
482 S
484 S
488 S
502 S
503 S
504 S
505 S
506 S
507 S
508 S
509 S
510 S
511 S
512 S
513 S
514 S
515 S
516 S
517 S
518 S
519 S
520 S
521 S
522 S
523 S
524 S
528 S
529 S
530 S
531 S
532 S
534 S
536 S
538 S
539 S
540 S
591 S
594 S
595 S
596 S
599 S
600 S
601 S
602 S
603 S
604 S
605 S
606 S
608 S
610 S
612 S
613 S
614 S
615 S
617 S
619 S
621 S
622 S
623 S
624 S
625 S
627 S
630 S
631 S
632 S
633 S
634 R
635 S
636 S
638 S
640 S
642 S
643 S
644 S
645 S
646 S
647 S
649 S
651 S
653 S
654 S
655 S
656 S
657 S
658 S
660 S
662 S
664 S
665 S
666 S
667 S
668 S
669 S
671 S
673 S
675 S
676 S
677 S
678 S
680 S
681 S
682 S
683 S
684 S
685 S
686 S
687 R
688 S
689 S
690 S
691 S
692 S
693 S
694 S
696 S
697 S
698 S
699 S
700 R
701 S
702 S
703 S
704 S
705 S
706 S
707 S
708 S
709 S
710 S
711 S
712 S
713 S
714 R
1587443738037
444 S
465 S
469 S
470 S
474 S
482 S
484 S
488 S
502 R
503 S
504 S
505 S
506 S
507 S
508 S
509 D
510 S
511 S
512 S
513 S
514 S
515 S
516 S
517 S
518 S
519 S
520 S
521 S
522 S
523 S
524 S
528 S
529 S
530 S
531 S
532 S
534 S
536 S
538 S
539 S
540 S
591 S
594 S
595 S
596 S
599 S
600 S
601 S
602 S
603 S
604 S
605 S
606 S
608 S
610 S
612 S
613 S
614 S
615 S
617 S
619 S
621 S
622 S
623 S
624 S
625 S
627 S
630 S
631 S
632 S
633 S
634 S
635 S
636 S
638 S
640 S
642 S
643 S
644 S
645 S
646 S
647 S
649 S
651 S
653 S
654 S
655 S
656 S
657 S
658 S
660 S
662 S
664 S
665 S
666 S
667 S
668 S
669 S
671 S
673 S
675 S
676 S
677 S
678 S
680 S
681 S
682 S
683 S
684 S
685 S
686 S
687 S
688 S
689 S
690 S
691 S
692 S
693 S
694 S
696 S
697 S
698 S
699 S
700 S
701 S
702 S
703 S
704 S
705 S
706 S
707 S
708 S
709 S
710 S
711 S
712 S
713 S
714 R
1587443748601
444 S
465 S
469 S
470 S
474 S
482 S
484 S
488 S
502 S
503 S
504 S
505 S
506 S
507 S
508 S
509 S
510 S
511 S
512 S
513 S
514 S
515 S
516 S
517 S
518 S
519 S
520 S
521 S
522 S
523 S
524 S
528 S
529 S
530 S
531 S
532 S
534 S
536 S
538 S
539 S
540 S
591 S
594 S
595 S
596 S
599 S
600 S
601 S
602 S
603 S
604 S
605 S
606 S
608 S
610 S
612 S
613 S
614 S
615 S
617 S
619 S
621 S
622 S
623 S
624 S
625 S
627 S
630 S
631 S
632 S
633 S
634 S
635 S
636 S
638 S
640 S
642 S
643 S
644 D
645 S
646 S
647 S
649 S
651 S
653 S
654 S
655 S
656 S
657 S
658 S
660 S
662 S
664 S
665 S
666 S
667 S
668 S
669 S
671 S
673 S
675 S
676 S
677 S
678 S
680 S
681 S
682 S
683 S
684 S
685 S
686 S
687 S
688 S
689 S
690 S
691 S
692 S
693 S
694 S
696 S
697 S
698 S
699 S
700 S
701 S
702 S
703 S
704 S
705 S
706 S
707 S
708 S
709 S
710 S
711 S
712 S
713 S
714 R
1587443757779
444 S
465 S
469 S
470 S
474 S
482 S
484 S
488 S
502 S
503 S
504 S
505 S
506 S
507 S
508 S
509 S
510 S
511 S
512 S
513 S
514 S
515 S
516 S
517 S
518 D
519 S
520 S
521 S
522 S
523 S
524 S
528 S
529 S
530 S
531 S
532 S
534 S
536 S
538 S
539 S
540 S
591 S
594 S
595 S
596 S
599 S
600 S
601 S
602 S
603 S
604 S
605 S
606 S
608 S
610 S
612 S
613 S
614 S
615 S
617 S
619 S
621 S
622 S
623 S
624 S
625 S
627 S
630 S
631 S
632 S
633 S
634 S
635 S
636 S
638 S
640 S
642 S
643 S
644 S
645 S
646 S
647 S
649 S
651 S
653 S
654 S
655 S
656 S
657 S
658 S
660 S
662 S
664 S
665 S
666 R
667 S
668 S
669 S
671 S
673 S
675 S
676 S
677 S
678 S
680 S
681 S
682 S
683 S
684 S
685 S
686 S
687 S
688 S
689 S
690 S
691 S
692 S
693 S
694 S
696 S
697 S
698 R
699 S
700 S
701 S
702 S
703 S
704 S
705 S
706 S
707 S
708 R
709 S
710 S
711 S
712 R
713 S
714 R
1587443767233
444 S
465 S
469 S
470 S
474 S
482 S
484 S
488 S
502 S
503 S
504 S
505 S
506 S
507 S
508 S
509 R
510 S
511 S
512 S
513 S
514 S
515 S
516 S
517 S
518 S
519 S
520 S
521 S
522 S
523 S
524 S
528 S
529 S
530 S
531 S
532 S
534 S
536 S
538 S
539 S
540 S
591 S
594 S
595 S
596 S
599 S
600 S
601 S
602 S
603 S
604 S
605 S
606 S
608 S
610 S
612 S
613 S
614 S
615 S
617 S
619 S
621 S
622 S
623 S
624 S
625 S
627 S
630 S
631 S
632 S
633 S
634 S
635 S
636 S
638 S
640 S
642 S
643 S
644 S
645 S
646 S
647 S
649 S
651 S
653 S
654 S
655 S
656 S
657 S
658 S
660 S
662 S
664 S
665 S
666 S
667 S
668 S
669 S
671 S
673 S
675 S
676 S
677 S
678 S
680 S
681 S
682 S
683 S
684 S
685 S
686 S
687 S
688 S
689 S
690 S
691 S
692 S
693 S
694 S
696 S
697 S
698 S
699 S
700 S
701 S
702 S
703 S
704 S
705 S
706 S
707 S
708 S
709 S
710 D
711 S
712 S
713 S
714 R
1587443771006
444 S
465 S
469 S
470 S
474 S
482 S
484 S
488 S
502 R
503 S
504 S
505 S
506 R
507 S
508 S
509 S
510 S
511 S
512 S
513 S
514 S
515 S
516 S
517 S
518 S
519 S
520 S
521 S
522 S
523 S
524 S
528 S
529 S
530 S
531 S
532 R
534 S
536 S
538 S
539 S
540 S
591 S
594 S
595 S
596 S
599 S
600 S
601 S
602 S
603 S
604 S
605 S
606 S
608 S
610 S
612 S
613 S
614 S
615 S
617 S
619 S
621 S
622 S
623 S
624 S
625 S
627 S
630 S
631 S
632 S
633 S
634 S
635 S
636 S
638 S
640 S
642 S
643 S
644 S
645 S
646 S
647 S
649 S
651 S
653 S
654 S
655 S
656 R
657 S
658 S
660 S
662 S
664 S
665 S
666 S
667 S
668 S
669 S
671 S
673 S
675 S
676 S
677 S
678 S
680 S
681 S
682 S
683 S
684 S
685 S
686 S
687 S
688 S
689 S
690 S
691 S
692 S
693 S
694 S
696 S
697 S
698 S
699 S
700 S
701 S
702 S
703 S
704 R
705 S
706 S
707 S
708 S
709 S
710 S
711 S
712 S
713 S
714 R
1587443778906
444 S
465 S
469 S
470 S
474 S
482 S
484 S
488 S
502 D
503 S
504 S
505 S
506 S
507 S
508 S
509 S
510 S
511 S
512 S
513 S
514 S
515 S
516 S
517 S
518 S
519 S
520 S
521 S
522 S
523 S
524 S
528 S
529 S
530 S
531 S
532 S
534 S
536 S
538 S
539 S
540 S
591 S
594 S
595 S
596 D
599 S
600 S
601 R
602 S
603 S
604 S
605 S
606 S
608 S
610 S
612 S
613 S
614 S
615 S
617 S
619 S
621 S
622 S
623 S
624 S
625 S
627 S
630 S
631 S
632 S
633 S
634 S
635 S
636 S
638 S
640 S
642 S
643 S
644 S
645 S
646 S
647 S
649 S
651 S
653 S
654 S
655 S
656 S
657 S
658 S
660 S
662 S
664 S
665 S
666 S
667 S
668 S
669 S
671 S
673 S
675 S
676 S
677 S
678 S
680 S
681 S
682 S
683 S
684 S
685 S
686 S
687 S
688 S
689 S
690 S
691 S
692 S
693 S
694 S
696 S
697 S
698 S
699 S
700 S
701 S
702 S
703 S
704 S
705 S
706 S
707 S
708 S
709 S
710 S
711 S
712 S
713 S
714 R
1587443792400
444 S
465 S
469 S
470 S
474 S
482 S
484 S
488 S
502 R
503 S
504 S
505 S
506 S
507 S
508 S
509 S
510 S
511 S
512 S
513 S
514 S
515 S
516 S
517 S
518 S
519 S
520 S
521 S
522 S
523 S
524 S
528 S
529 S
530 S
531 S
532 S
534 S
536 S
538 S
539 S
540 S
591 S
594 S
595 S
596 S
599 S
600 S
601 S
602 S
603 S
604 S
605 S
606 S
608 S
610 S
612 S
613 S
614 S
615 S
617 S
619 S
621 S
622 S
623 S
624 S
625 S
627 S
630 S
631 S
632 S
633 S
634 S
635 S
636 S
638 S
640 S
642 S
643 S
644 S
645 S
646 S
647 S
649 S
651 S
653 S
654 S
655 S
656 S
657 S
658 S
660 S
662 S
664 S
665 S
666 S
667 S
668 S
669 S
671 S
673 S
675 S
676 S
677 S
678 S
680 S
681 S
682 S
683 S
684 S
685 S
686 S
687 S
688 S
689 S
690 S
691 S
692 S
693 S
694 S
696 S
697 S
698 S
699 S
700 S
701 R
702 S
703 S
704 S
705 S
706 S
707 S
708 S
709 S
710 S
711 S
712 S
713 S
714 R
1587443795230
444 S
465 S
469 S
470 S
474 S
482 S
484 S
488 S
502 R
503 S
504 S
505 S
506 S
507 S
508 S
509 S
510 S
511 S
512 S
513 S
514 S
515 S
516 S
517 S
518 S
519 S
520 D
521 S
522 S
523 S
524 S
528 S
529 S
530 S
531 S
532 S
534 S
536 S
538 S
539 S
540 S
591 S
594 S
595 S
596 S
599 S
600 S
601 S
602 S
603 S
604 S
605 S
606 S
608 S
610 S
612 S
613 S
614 S
615 S
617 S
619 S
621 S
622 S
623 S
624 S
625 S
627 S
630 S
631 S
632 S
633 S
634 S
635 S
636 S
638 S
640 S
642 S
643 S
644 S
645 S
646 S
647 S
649 S
651 S
653 S
654 S
655 S
656 S
657 S
658 S
660 S
662 S
664 S
665 S
666 S
667 S
668 S
669 S
671 S
673 S
675 S
676 S
677 S
678 S
680 S
681 S
682 S
683 S
684 S
685 S
686 S
687 S
688 S
689 S
690 S
691 S
692 S
693 S
694 S
696 S
697 S
698 S
699 S
700 S
701 S
702 S
703 D
704 R
705 S
706 S
707 S
708 R
709 S
710 S
711 S
712 S
713 S
714 R
1587443805303
444 S
465 S
469 S
470 S
474 S
482 S
484 S
488 S
502 D
503 S
504 S
505 S
506 S
507 S
508 S
509 S
510 S
511 S
512 S
513 S
514 S
515 S
516 S
517 S
518 S
519 S
520 S
521 S
522 S
523 S
524 S
528 S
529 S
530 S
531 S
532 S
534 S
536 S
538 S
539 S
540 S
591 S
594 S
595 S
596 S
599 S
600 S
601 S
602 S
603 S
604 S
605 S
606 S
608 S
610 S
612 S
613 S
614 S
615 S
617 S
619 S
621 S
622 S
623 S
624 S
625 S
627 S
630 S
631 S
632 S
633 S
634 S
635 S
636 S
638 S
640 S
642 S
643 S
644 S
645 S
646 S
647 S
649 S
651 S
653 S
654 S
655 S
656 S
657 S
658 S
660 S
662 S
664 S
665 S
666 S
667 S
668 S
669 S
671 S
673 S
675 S
676 S
677 S
678 S
680 S
681 S
682 S
683 S
684 S
685 S
686 S
687 S
688 S
689 S
690 S
691 R
692 S
693 S
694 S
696 S
697 S
698 S
699 S
700 R
701 S
702 S
703 S
704 S
705 S
706 S
707 S
708 S
709 S
710 S
711 S
712 S
713 S
714 R
1587443812840
444 S
465 S
469 S
470 S
474 S
482 S
484 S
488 S
502 R
503 S
504 S
505 S
506 S
507 S
508 S
509 S
510 S
511 S
512 S
513 S
514 S
515 S
516 S
517 S
518 S
519 S
520 S
521 S
522 S
523 S
524 S
528 R
529 S
530 S
531 S
532 S
534 S
536 S
538 S
539 S
540 S
591 S
594 S
595 S
596 S
599 S
600 S
601 S
602 S
603 S
604 S
605 S
606 S
608 S
610 S
612 S
613 S
614 S
615 S
617 S
619 S
621 S
622 S
623 S
624 S
625 S
627 S
630 S
631 S
632 S
633 S
634 S
635 S
636 S
638 S
640 S
642 S
643 S
644 S
645 S
646 S
647 S
649 S
651 S
653 S
654 S
655 S
656 S
657 S
658 S
660 R
662 S
664 S
665 S
666 S
667 S
668 S
669 S
671 S
673 S
675 S
676 S
677 S
678 S
680 S
681 S
682 S
683 S
684 S
685 S
686 S
687 S
688 S
689 S
690 S
691 S
692 S
693 S
694 S
696 S
697 S
698 S
699 S
700 S
701 S
702 S
703 S
704 S
705 S
706 S
707 S
708 S
709 S
710 S
711 S
712 S
713 S
714 R
1587443825115
444 S
465 S
469 S
470 S
474 S
482 S
484 S
488 S
502 R
503 S
504 S
505 S
506 S
507 S
508 S
509 S
510 S
511 S
512 R
513 S
514 S
515 S
516 S
517 S
518 S
519 S
520 S
521 S
522 S
523 S
524 S
528 S
529 S
530 S
531 S
532 S
534 S
536 S
538 S
539 S
540 S
591 S
594 S
595 S
596 R
599 S
600 S
601 S
602 S
603 S
604 S
605 S
606 S
608 S
610 S
612 S
613 S
614 S
615 S
617 S
619 S
621 S
622 S
623 S
624 S
625 S
627 S
630 S
631 S
632 S
633 S
634 S
635 S
636 S
638 S
640 S
642 S
643 S
644 S
645 S
646 S
647 S
649 S
651 S
653 S
654 S
655 S
656 S
657 S
658 S
660 S
662 S
664 S
665 S
666 S
667 S
668 S
669 S
671 S
673 S
675 S
676 S
677 S
678 S
680 S
681 S
682 S
683 S
684 S
685 S
686 S
687 S
688 S
689 S
690 S
691 S
692 S
693 S
694 S
696 S
697 S
698 S
699 S
700 S
701 S
702 S
703 S
704 S
705 S
706 S
707 S
708 S
709 S
710 S
711 S
712 S
713 S
714 R
1587443833122
444 S
465 S
469 S
470 S
474 S
482 S
484 S
488 S
502 S
503 S
504 S
505 S
506 S
507 S
508 S
509 S
510 S
511 S
512 S
513 S
514 S
515 S
516 S
517 S
518 S
519 S
520 S
521 S
522 S
523 S
524 S
528 S
529 S
530 S
531 S
532 S
534 S
536 S
538 S
539 S
540 S
591 S
594 S
595 S
596 S
599 S
600 S
601 S
602 S
603 S
604 S
605 S
606 S
608 S
610 S
612 S
613 S
614 S
615 S
617 S
619 S
621 S
622 S
623 S
624 S
625 S
627 S
630 S
631 S
632 S
633 S
634 S
635 S
636 S
638 S
640 S
642 S
643 S
644 S
645 S
646 S
647 S
649 R
651 S
653 S
654 S
655 S
656 S
657 S
658 S
660 S
662 S
664 S
665 S
666 S
667 S
668 S
669 S
671 S
673 S
675 S
676 S
677 S
678 S
680 S
681 S
682 S
683 S
684 S
685 S
686 S
687 S
688 S
689 S
690 S
691 S
692 S
693 S
694 S
696 S
697 S
698 S
699 S
700 S
701 S
702 S
703 S
704 S
705 S
706 D
707 S
708 S
709 S
710 S
711 S
712 S
713 S
714 R
